{"/home/travis/build/npmtest/node-npmtest-spoof/test.js":{"path":"/home/travis/build/npmtest/node-npmtest-spoof/test.js","s":{"1":2,"2":2,"3":2,"4":2,"5":2,"6":2,"7":2,"8":1,"9":2,"10":2,"11":1,"12":1,"13":1,"14":1,"15":2,"16":2,"17":2,"18":2,"19":1,"20":1,"21":2,"22":2,"23":2,"24":1,"25":1,"26":1,"27":1,"28":1,"29":1,"30":1,"31":1,"32":1,"33":1,"34":1,"35":1,"36":1,"37":1,"38":1,"39":2,"40":2,"41":1,"42":2,"43":2,"44":1,"45":2,"46":2,"47":1,"48":2,"49":2,"50":1,"51":1,"52":1,"53":1,"54":1},"b":{"1":[2,1,1,1],"2":[1,1,1,1],"3":[1,1],"4":[1,1],"5":[1,1],"6":[1,1],"7":[1,1],"8":[1,1],"9":[1,1],"10":[1,1,1],"11":[1,1],"12":[1,1],"13":[1,1],"14":[1,1],"15":[1,1],"16":[1,1],"17":[1,1]},"f":{"1":2,"2":2,"3":2,"4":2,"5":2,"6":1,"7":1,"8":1,"9":2,"10":2,"11":2,"12":2,"13":1},"fnMap":{"1":{"name":"(anonymous_1)","line":12,"loc":{"start":{"line":12,"column":1},"end":{"line":12,"column":13}}},"2":{"name":"(anonymous_2)","line":19,"loc":{"start":{"line":19,"column":5},"end":{"line":19,"column":17}}},"3":{"name":"(anonymous_3)","line":23,"loc":{"start":{"line":23,"column":24},"end":{"line":23,"column":36}}},"4":{"name":"(anonymous_4)","line":61,"loc":{"start":{"line":61,"column":5},"end":{"line":61,"column":17}}},"5":{"name":"(anonymous_5)","line":82,"loc":{"start":{"line":82,"column":5},"end":{"line":82,"column":17}}},"6":{"name":"(anonymous_6)","line":91,"loc":{"start":{"line":91,"column":77},"end":{"line":94,"column":10}}},"7":{"name":"(anonymous_7)","line":112,"loc":{"start":{"line":112,"column":83},"end":{"line":115,"column":10}},"skip":true},"8":{"name":"(anonymous_8)","line":123,"loc":{"start":{"line":123,"column":77},"end":{"line":126,"column":10}},"skip":true},"9":{"name":"(anonymous_9)","line":139,"loc":{"start":{"line":139,"column":12},"end":{"line":139,"column":40}},"skip":true},"10":{"name":"(anonymous_10)","line":147,"loc":{"start":{"line":147,"column":77},"end":{"line":150,"column":10}},"skip":true},"11":{"name":"(anonymous_11)","line":158,"loc":{"start":{"line":158,"column":83},"end":{"line":161,"column":10}},"skip":true},"12":{"name":"(anonymous_12)","line":169,"loc":{"start":{"line":169,"column":79},"end":{"line":172,"column":10}},"skip":true},"13":{"name":"(anonymous_13)","line":180,"loc":{"start":{"line":180,"column":75},"end":{"line":183,"column":10}},"skip":true}},"statementMap":{"1":{"start":{"line":12,"column":0},"end":{"line":195,"column":5}},"2":{"start":{"line":14,"column":4},"end":{"line":14,"column":14}},"3":{"start":{"line":19,"column":4},"end":{"line":56,"column":9}},"4":{"start":{"line":21,"column":8},"end":{"line":21,"column":19}},"5":{"start":{"line":23,"column":8},"end":{"line":35,"column":13}},"6":{"start":{"line":24,"column":12},"end":{"line":34,"column":13}},"7":{"start":{"line":25,"column":16},"end":{"line":28,"column":30}},"8":{"start":{"line":30,"column":16},"end":{"line":33,"column":27}},"9":{"start":{"line":37,"column":8},"end":{"line":39,"column":21}},"10":{"start":{"line":40,"column":8},"end":{"line":53,"column":9}},"11":{"start":{"line":43,"column":12},"end":{"line":46,"column":14}},"12":{"start":{"line":47,"column":12},"end":{"line":47,"column":18}},"13":{"start":{"line":50,"column":12},"end":{"line":51,"column":33}},"14":{"start":{"line":52,"column":12},"end":{"line":52,"column":18}},"15":{"start":{"line":55,"column":8},"end":{"line":55,"column":35}},"16":{"start":{"line":61,"column":4},"end":{"line":63,"column":9}},"17":{"start":{"line":62,"column":8},"end":{"line":62,"column":15}},"18":{"start":{"line":64,"column":4},"end":{"line":77,"column":5}},"19":{"start":{"line":70,"column":8},"end":{"line":70,"column":14}},"20":{"start":{"line":76,"column":8},"end":{"line":76,"column":14}},"21":{"start":{"line":82,"column":4},"end":{"line":84,"column":9}},"22":{"start":{"line":83,"column":8},"end":{"line":83,"column":15}},"23":{"start":{"line":85,"column":4},"end":{"line":194,"column":5}},"24":{"start":{"line":91,"column":8},"end":{"line":99,"column":10}},"25":{"start":{"line":98,"column":12},"end":{"line":98,"column":35}},"26":{"start":{"line":102,"column":8},"end":{"line":104,"column":63}},"27":{"start":{"line":105,"column":8},"end":{"line":105,"column":14}},"28":{"start":{"line":112,"column":8},"end":{"line":121,"column":10},"skip":true},"29":{"start":{"line":119,"column":12},"end":{"line":119,"column":55},"skip":true},"30":{"start":{"line":120,"column":12},"end":{"line":120,"column":48},"skip":true},"31":{"start":{"line":123,"column":8},"end":{"line":136,"column":10},"skip":true},"32":{"start":{"line":130,"column":12},"end":{"line":130,"column":76},"skip":true},"33":{"start":{"line":131,"column":12},"end":{"line":131,"column":73},"skip":true},"34":{"start":{"line":132,"column":12},"end":{"line":132,"column":74},"skip":true},"35":{"start":{"line":133,"column":12},"end":{"line":133,"column":79},"skip":true},"36":{"start":{"line":134,"column":12},"end":{"line":134,"column":25},"skip":true},"37":{"start":{"line":135,"column":12},"end":{"line":135,"column":45},"skip":true},"38":{"start":{"line":138,"column":8},"end":{"line":145,"column":14},"skip":true},"39":{"start":{"line":143,"column":16},"end":{"line":143,"column":29},"skip":true},"40":{"start":{"line":144,"column":16},"end":{"line":144,"column":55},"skip":true},"41":{"start":{"line":147,"column":8},"end":{"line":156,"column":10},"skip":true},"42":{"start":{"line":154,"column":12},"end":{"line":154,"column":25},"skip":true},"43":{"start":{"line":155,"column":12},"end":{"line":155,"column":45},"skip":true},"44":{"start":{"line":158,"column":8},"end":{"line":167,"column":10},"skip":true},"45":{"start":{"line":165,"column":12},"end":{"line":165,"column":25},"skip":true},"46":{"start":{"line":166,"column":12},"end":{"line":166,"column":48},"skip":true},"47":{"start":{"line":169,"column":8},"end":{"line":178,"column":10},"skip":true},"48":{"start":{"line":176,"column":12},"end":{"line":176,"column":25},"skip":true},"49":{"start":{"line":177,"column":12},"end":{"line":177,"column":46},"skip":true},"50":{"start":{"line":180,"column":8},"end":{"line":189,"column":10},"skip":true},"51":{"start":{"line":187,"column":12},"end":{"line":187,"column":94},"skip":true},"52":{"start":{"line":188,"column":12},"end":{"line":188,"column":48},"skip":true},"53":{"start":{"line":192,"column":8},"end":{"line":192,"column":35},"skip":true},"54":{"start":{"line":193,"column":8},"end":{"line":193,"column":14},"skip":true}},"branchMap":{"1":{"line":25,"type":"binary-expr","locations":[{"start":{"line":25,"column":23},"end":{"line":25,"column":62}},{"start":{"line":26,"column":20},"end":{"line":26,"column":70}},{"start":{"line":27,"column":20},"end":{"line":27,"column":71}},{"start":{"line":28,"column":20},"end":{"line":28,"column":29}}]},"2":{"line":30,"type":"binary-expr","locations":[{"start":{"line":30,"column":23},"end":{"line":30,"column":37}},{"start":{"line":31,"column":20},"end":{"line":31,"column":61}},{"start":{"line":32,"column":20},"end":{"line":32,"column":70}},{"start":{"line":33,"column":20},"end":{"line":33,"column":26}}]},"3":{"line":37,"type":"cond-expr","locations":[{"start":{"line":38,"column":14},"end":{"line":38,"column":20}},{"start":{"line":39,"column":14},"end":{"line":39,"column":20}}]},"4":{"line":40,"type":"switch","locations":[{"start":{"line":42,"column":8},"end":{"line":47,"column":18}},{"start":{"line":49,"column":8},"end":{"line":52,"column":18}}]},"5":{"line":44,"type":"binary-expr","locations":[{"start":{"line":44,"column":16},"end":{"line":44,"column":44}},{"start":{"line":44,"column":48},"end":{"line":44,"column":66}}]},"6":{"line":50,"type":"binary-expr","locations":[{"start":{"line":50,"column":21},"end":{"line":50,"column":49}},{"start":{"line":50,"column":53},"end":{"line":50,"column":72}}]},"7":{"line":64,"type":"switch","locations":[{"start":{"line":69,"column":4},"end":{"line":70,"column":14}},{"start":{"line":75,"column":4},"end":{"line":76,"column":14}}]},"8":{"line":85,"type":"switch","locations":[{"start":{"line":90,"column":4},"end":{"line":105,"column":14}},{"start":{"line":111,"column":4},"end":{"line":193,"column":14},"skip":true}]},"9":{"line":91,"type":"binary-expr","locations":[{"start":{"line":91,"column":42},"end":{"line":91,"column":73}},{"start":{"line":91,"column":77},"end":{"line":99,"column":9}}]},"10":{"line":102,"type":"binary-expr","locations":[{"start":{"line":102,"column":18},"end":{"line":102,"column":32}},{"start":{"line":103,"column":12},"end":{"line":103,"column":53}},{"start":{"line":104,"column":12},"end":{"line":104,"column":61}}]},"11":{"line":112,"type":"binary-expr","locations":[{"start":{"line":112,"column":45},"end":{"line":112,"column":79},"skip":true},{"start":{"line":112,"column":83},"end":{"line":121,"column":9},"skip":true}]},"12":{"line":123,"type":"binary-expr","locations":[{"start":{"line":123,"column":42},"end":{"line":123,"column":73},"skip":true},{"start":{"line":123,"column":77},"end":{"line":136,"column":9},"skip":true}]},"13":{"line":138,"type":"binary-expr","locations":[{"start":{"line":138,"column":48},"end":{"line":138,"column":85},"skip":true},{"start":{"line":139,"column":12},"end":{"line":145,"column":13},"skip":true}]},"14":{"line":147,"type":"binary-expr","locations":[{"start":{"line":147,"column":42},"end":{"line":147,"column":73},"skip":true},{"start":{"line":147,"column":77},"end":{"line":156,"column":9},"skip":true}]},"15":{"line":158,"type":"binary-expr","locations":[{"start":{"line":158,"column":45},"end":{"line":158,"column":79},"skip":true},{"start":{"line":158,"column":83},"end":{"line":167,"column":9},"skip":true}]},"16":{"line":169,"type":"binary-expr","locations":[{"start":{"line":169,"column":43},"end":{"line":169,"column":75},"skip":true},{"start":{"line":169,"column":79},"end":{"line":178,"column":9},"skip":true}]},"17":{"line":180,"type":"binary-expr","locations":[{"start":{"line":180,"column":41},"end":{"line":180,"column":71},"skip":true},{"start":{"line":180,"column":75},"end":{"line":189,"column":9},"skip":true}]}},"code":["/* istanbul instrument in package npmtest_spoof */","/*jslint","    bitwise: true,","    browser: true,","    maxerr: 8,","    maxlen: 96,","    node: true,","    nomen: true,","    regexp: true,","    stupid: true","*/","(function () {","    'use strict';","    var local;","","","","    // run shared js-env code - init-before","    (function () {","        // init local","        local = {};","        // init modeJs","        local.modeJs = (function () {","            try {","                return typeof navigator.userAgent === 'string' &&","                    typeof document.querySelector('body') === 'object' &&","                    typeof XMLHttpRequest.prototype.open === 'function' &&","                    'browser';","            } catch (errorCaughtBrowser) {","                return module.exports &&","                    typeof process.versions.node === 'string' &&","                    typeof require('http').createServer === 'function' &&","                    'node';","            }","        }());","        // init global","        local.global = local.modeJs === 'browser'","            ? window","            : global;","        switch (local.modeJs) {","        // re-init local from window.local","        case 'browser':","            local = local.global.utility2.objectSetDefault(","                local.global.utility2_rollup || local.global.local,","                local.global.utility2","            );","            break;","        // re-init local from example.js","        case 'node':","            local = (local.global.utility2_rollup || require('utility2'))","                .requireReadme();","            break;","        }","        // export local","        local.global.local = local;","    }());","","","","    // run shared js-env code - function","    (function () {","        return;","    }());","    switch (local.modeJs) {","","","","    // run browser js-env code - function","    case 'browser':","        break;","","","","    // run node js-env code - function","    case 'node':","        break;","    }","","","","    // run shared js-env code - init-after","    (function () {","        return;","    }());","    switch (local.modeJs) {","","","","    // run browser js-env code - init-after","    case 'browser':","        local.testCase_browser_nullCase = local.testCase_browser_nullCase || function (","            options,","            onError","        ) {","        /*","         * this function will test browsers's null-case handling-behavior-behavior","         */","            onError(null, options);","        };","","        // run tests","        local.nop(local.modeTest &&","            document.querySelector('#testRunButton1') &&","            document.querySelector('#testRunButton1').click());","        break;","","","","    // run node js-env code - init-after","    /* istanbul ignore next */","    case 'node':","        local.testCase_buildApidoc_default = local.testCase_buildApidoc_default || function (","            options,","            onError","        ) {","        /*","         * this function will test buildApidoc's default handling-behavior-behavior","         */","            options = { modulePathList: module.paths };","            local.buildApidoc(options, onError);","        };","","        local.testCase_buildApp_default = local.testCase_buildApp_default || function (","            options,","            onError","        ) {","        /*","         * this function will test buildApp's default handling-behavior-behavior","         */","            local.testCase_buildReadme_default(options, local.onErrorThrow);","            local.testCase_buildLib_default(options, local.onErrorThrow);","            local.testCase_buildTest_default(options, local.onErrorThrow);","            local.testCase_buildCustomOrg_default(options, local.onErrorThrow);","            options = [];","            local.buildApp(options, onError);","        };","","        local.testCase_buildCustomOrg_default = local.testCase_buildCustomOrg_default ||","            function (options, onError) {","            /*","             * this function will test buildCustomOrg's default handling-behavior","             */","                options = {};","                local.buildCustomOrg(options, onError);","            };","","        local.testCase_buildLib_default = local.testCase_buildLib_default || function (","            options,","            onError","        ) {","        /*","         * this function will test buildLib's default handling-behavior","         */","            options = {};","            local.buildLib(options, onError);","        };","","        local.testCase_buildReadme_default = local.testCase_buildReadme_default || function (","            options,","            onError","        ) {","        /*","         * this function will test buildReadme's default handling-behavior-behavior","         */","            options = {};","            local.buildReadme(options, onError);","        };","","        local.testCase_buildTest_default = local.testCase_buildTest_default || function (","            options,","            onError","        ) {","        /*","         * this function will test buildTest's default handling-behavior","         */","            options = {};","            local.buildTest(options, onError);","        };","","        local.testCase_webpage_default = local.testCase_webpage_default || function (","            options,","            onError","        ) {","        /*","         * this function will test webpage's default handling-behavior","         */","            options = { modeCoverageMerge: true, url: local.serverLocalHost + '?modeTest=1' };","            local.browserTest(options, onError);","        };","","        // run test-server","        local.testRunServer(local);","        break;","    }","}());",""],"l":{"12":2,"14":2,"19":2,"21":2,"23":2,"24":2,"25":2,"30":1,"37":2,"40":2,"43":1,"47":1,"50":1,"52":1,"55":2,"61":2,"62":2,"64":2,"70":1,"76":1,"82":2,"83":2,"85":2,"91":1,"98":1,"102":1,"105":1,"112":1,"119":1,"120":1,"123":1,"130":1,"131":1,"132":1,"133":1,"134":1,"135":1,"138":1,"143":2,"144":2,"147":1,"154":2,"155":2,"158":1,"165":2,"166":2,"169":1,"176":2,"177":2,"180":1,"187":1,"188":1,"192":1,"193":1}},"/home/travis/build/npmtest/node-npmtest-spoof/lib.npmtest_spoof.js":{"path":"/home/travis/build/npmtest/node-npmtest-spoof/lib.npmtest_spoof.js","s":{"1":2,"2":2,"3":2,"4":2,"5":2,"6":2,"7":2,"8":1,"9":2,"10":2,"11":2,"12":2,"13":1,"14":1,"15":1,"16":1},"b":{"1":[2,1,1,1],"2":[1,1,1,1],"3":[1,1],"4":[2,2],"5":[1,1]},"f":{"1":2,"2":2,"3":2},"fnMap":{"1":{"name":"(anonymous_1)","line":12,"loc":{"start":{"line":12,"column":1},"end":{"line":12,"column":13}}},"2":{"name":"(anonymous_2)","line":19,"loc":{"start":{"line":19,"column":5},"end":{"line":19,"column":17}}},"3":{"name":"(anonymous_3)","line":23,"loc":{"start":{"line":23,"column":24},"end":{"line":23,"column":36}}}},"statementMap":{"1":{"start":{"line":12,"column":0},"end":{"line":53,"column":5}},"2":{"start":{"line":14,"column":4},"end":{"line":14,"column":14}},"3":{"start":{"line":19,"column":4},"end":{"line":52,"column":9}},"4":{"start":{"line":21,"column":8},"end":{"line":21,"column":19}},"5":{"start":{"line":23,"column":8},"end":{"line":35,"column":13}},"6":{"start":{"line":24,"column":12},"end":{"line":34,"column":13}},"7":{"start":{"line":25,"column":16},"end":{"line":28,"column":30}},"8":{"start":{"line":30,"column":16},"end":{"line":33,"column":27}},"9":{"start":{"line":37,"column":8},"end":{"line":39,"column":21}},"10":{"start":{"line":41,"column":8},"end":{"line":41,"column":54}},"11":{"start":{"line":43,"column":8},"end":{"line":43,"column":50}},"12":{"start":{"line":45,"column":8},"end":{"line":51,"column":9}},"13":{"start":{"line":46,"column":12},"end":{"line":46,"column":56}},"14":{"start":{"line":48,"column":12},"end":{"line":48,"column":35}},"15":{"start":{"line":49,"column":12},"end":{"line":49,"column":49}},"16":{"start":{"line":50,"column":12},"end":{"line":50,"column":43}}},"branchMap":{"1":{"line":25,"type":"binary-expr","locations":[{"start":{"line":25,"column":23},"end":{"line":25,"column":62}},{"start":{"line":26,"column":20},"end":{"line":26,"column":70}},{"start":{"line":27,"column":20},"end":{"line":27,"column":71}},{"start":{"line":28,"column":20},"end":{"line":28,"column":29}}]},"2":{"line":30,"type":"binary-expr","locations":[{"start":{"line":30,"column":23},"end":{"line":30,"column":37}},{"start":{"line":31,"column":20},"end":{"line":31,"column":61}},{"start":{"line":32,"column":20},"end":{"line":32,"column":70}},{"start":{"line":33,"column":20},"end":{"line":33,"column":26}}]},"3":{"line":37,"type":"cond-expr","locations":[{"start":{"line":38,"column":14},"end":{"line":38,"column":20}},{"start":{"line":39,"column":14},"end":{"line":39,"column":20}}]},"4":{"line":41,"type":"binary-expr","locations":[{"start":{"line":41,"column":16},"end":{"line":41,"column":44}},{"start":{"line":41,"column":48},"end":{"line":41,"column":53}}]},"5":{"line":45,"type":"if","locations":[{"start":{"line":45,"column":8},"end":{"line":45,"column":8}},{"start":{"line":45,"column":8},"end":{"line":45,"column":8}}]}},"code":["/* istanbul instrument in package npmtest_spoof */","/*jslint","    bitwise: true,","    browser: true,","    maxerr: 8,","    maxlen: 96,","    node: true,","    nomen: true,","    regexp: true,","    stupid: true","*/","(function () {","    'use strict';","    var local;","","","","    // run shared js-env code - init-before","    (function () {","        // init local","        local = {};","        // init modeJs","        local.modeJs = (function () {","            try {","                return typeof navigator.userAgent === 'string' &&","                    typeof document.querySelector('body') === 'object' &&","                    typeof XMLHttpRequest.prototype.open === 'function' &&","                    'browser';","            } catch (errorCaughtBrowser) {","                return module.exports &&","                    typeof process.versions.node === 'string' &&","                    typeof require('http').createServer === 'function' &&","                    'node';","            }","        }());","        // init global","        local.global = local.modeJs === 'browser'","            ? window","            : global;","        // init utility2_rollup","        local = local.global.utility2_rollup || local;","        // init lib","        local.local = local.npmtest_spoof = local;","        // init exports","        if (local.modeJs === 'browser') {","            local.global.utility2_npmtest_spoof = local;","        } else {","            module.exports = local;","            module.exports.__dirname = __dirname;","            module.exports.module = module;","        }","    }());","}());",""],"l":{"12":2,"14":2,"19":2,"21":2,"23":2,"24":2,"25":2,"30":1,"37":2,"41":2,"43":2,"45":2,"46":1,"48":1,"49":1,"50":1}},"/home/travis/build/npmtest/node-npmtest-spoof/example.js":{"path":"/home/travis/build/npmtest/node-npmtest-spoof/example.js","s":{"1":2,"2":2,"3":2,"4":2,"5":2,"6":2,"7":2,"8":1,"9":2,"10":2,"11":2,"12":2,"13":1,"14":2,"15":2,"16":2,"17":2,"18":2,"19":0,"20":2,"21":1,"22":1,"23":1,"24":1,"25":1,"26":0,"27":0,"28":1,"29":1,"30":2,"31":0,"32":0,"33":0,"34":1,"35":2,"36":2,"37":3,"38":3,"39":3,"40":3,"41":0,"42":3,"43":3,"44":3,"45":1,"46":3,"47":1,"48":1,"49":1,"50":1,"51":1,"52":1,"53":1,"54":1,"55":1,"56":1,"57":0,"58":1,"59":6,"60":6,"61":1,"62":2,"63":0,"64":2,"65":1,"66":1,"67":0,"68":0,"69":0,"70":0,"71":0,"72":0,"73":0,"74":0,"75":0,"76":0,"77":0,"78":0,"79":0,"80":0,"81":0,"82":0,"83":0},"b":{"1":[2,1,1,1],"2":[1,1,1,1],"3":[1,1],"4":[2,2],"5":[1,1],"6":[1,1],"7":[2,0],"8":[2,1,1,1,1,1],"9":[0,2,0],"10":[1,1],"11":[2,1,1],"12":[1,0],"13":[0,2],"14":[2,0,0,0,0,0,0],"15":[0,3],"16":[3,0],"17":[1,1],"18":[0,1],"19":[1,2,0,2],"20":[1,0],"21":[1,1],"22":[0,0],"23":[0,0],"24":[0,0],"25":[0,0],"26":[0,0],"27":[0,0],"28":[0,0]},"f":{"1":2,"2":2,"3":2,"4":2,"5":2,"6":2,"7":3,"8":3,"9":3,"10":1,"11":6,"12":0},"fnMap":{"1":{"name":"(anonymous_1)","line":26,"loc":{"start":{"line":26,"column":1},"end":{"line":26,"column":13}}},"2":{"name":"(anonymous_2)","line":33,"loc":{"start":{"line":33,"column":5},"end":{"line":33,"column":17}}},"3":{"name":"(anonymous_3)","line":37,"loc":{"start":{"line":37,"column":24},"end":{"line":37,"column":36}}},"4":{"name":"(anonymous_4)","line":69,"loc":{"start":{"line":69,"column":31},"end":{"line":69,"column":48}},"skip":true},"5":{"name":"(anonymous_5)","line":78,"loc":{"start":{"line":78,"column":26},"end":{"line":78,"column":45}},"skip":true},"6":{"name":"(anonymous_6)","line":123,"loc":{"start":{"line":123,"column":33},"end":{"line":123,"column":48}},"skip":true},"7":{"name":"(anonymous_7)","line":125,"loc":{"start":{"line":125,"column":27},"end":{"line":125,"column":39}},"skip":true},"8":{"name":"(anonymous_8)","line":133,"loc":{"start":{"line":133,"column":59},"end":{"line":133,"column":74}},"skip":true},"9":{"name":"(anonymous_9)","line":143,"loc":{"start":{"line":143,"column":45},"end":{"line":143,"column":62}},"skip":true},"10":{"name":"(anonymous_10)","line":144,"loc":{"start":{"line":144,"column":73},"end":{"line":144,"column":92}},"skip":true},"11":{"name":"(anonymous_11)","line":272,"loc":{"start":{"line":272,"column":51},"end":{"line":272,"column":77}},"skip":true},"12":{"name":"(anonymous_12)","line":315,"loc":{"start":{"line":315,"column":32},"end":{"line":315,"column":61}},"skip":true}},"statementMap":{"1":{"start":{"line":26,"column":0},"end":{"line":326,"column":5}},"2":{"start":{"line":28,"column":4},"end":{"line":28,"column":14}},"3":{"start":{"line":33,"column":4},"end":{"line":60,"column":9}},"4":{"start":{"line":35,"column":8},"end":{"line":35,"column":19}},"5":{"start":{"line":37,"column":8},"end":{"line":49,"column":13}},"6":{"start":{"line":38,"column":12},"end":{"line":48,"column":13}},"7":{"start":{"line":39,"column":16},"end":{"line":42,"column":30}},"8":{"start":{"line":44,"column":16},"end":{"line":47,"column":27}},"9":{"start":{"line":51,"column":8},"end":{"line":53,"column":21}},"10":{"start":{"line":55,"column":8},"end":{"line":57,"column":45}},"11":{"start":{"line":59,"column":8},"end":{"line":59,"column":35}},"12":{"start":{"line":61,"column":4},"end":{"line":325,"column":5}},"13":{"start":{"line":69,"column":8},"end":{"line":121,"column":10},"skip":true},"14":{"start":{"line":70,"column":12},"end":{"line":88,"column":13},"skip":true},"15":{"start":{"line":76,"column":16},"end":{"line":87,"column":19},"skip":true},"16":{"start":{"line":79,"column":20},"end":{"line":86,"column":21},"skip":true},"17":{"start":{"line":82,"column":24},"end":{"line":82,"column":43},"skip":true},"18":{"start":{"line":83,"column":24},"end":{"line":83,"column":30},"skip":true},"19":{"start":{"line":85,"column":24},"end":{"line":85,"column":49},"skip":true},"20":{"start":{"line":89,"column":12},"end":{"line":107,"column":13},"skip":true},"21":{"start":{"line":92,"column":16},"end":{"line":102,"column":17},"skip":true},"22":{"start":{"line":93,"column":20},"end":{"line":93,"column":86},"skip":true},"23":{"start":{"line":94,"column":20},"end":{"line":95,"column":45},"skip":true},"24":{"start":{"line":96,"column":20},"end":{"line":96,"column":42},"skip":true},"25":{"start":{"line":97,"column":20},"end":{"line":97,"column":48},"skip":true},"26":{"start":{"line":100,"column":20},"end":{"line":100,"column":85},"skip":true},"27":{"start":{"line":101,"column":20},"end":{"line":101,"column":96},"skip":true},"28":{"start":{"line":103,"column":16},"end":{"line":103,"column":22},"skip":true},"29":{"start":{"line":106,"column":16},"end":{"line":106,"column":22},"skip":true},"30":{"start":{"line":108,"column":12},"end":{"line":120,"column":13},"skip":true},"31":{"start":{"line":114,"column":16},"end":{"line":119,"column":17},"skip":true},"32":{"start":{"line":116,"column":20},"end":{"line":116,"column":78},"skip":true},"33":{"start":{"line":118,"column":20},"end":{"line":118,"column":47},"skip":true},"34":{"start":{"line":123,"column":8},"end":{"line":141,"column":11},"skip":true},"35":{"start":{"line":124,"column":12},"end":{"line":124,"column":54},"skip":true},"36":{"start":{"line":125,"column":12},"end":{"line":140,"column":14},"skip":true},"37":{"start":{"line":126,"column":16},"end":{"line":126,"column":28},"skip":true},"38":{"start":{"line":127,"column":16},"end":{"line":127,"column":69},"skip":true},"39":{"start":{"line":128,"column":16},"end":{"line":128,"column":75},"skip":true},"40":{"start":{"line":129,"column":16},"end":{"line":131,"column":17},"skip":true},"41":{"start":{"line":130,"column":20},"end":{"line":130,"column":27},"skip":true},"42":{"start":{"line":133,"column":16},"end":{"line":137,"column":36},"skip":true},"43":{"start":{"line":134,"column":20},"end":{"line":136,"column":55},"skip":true},"44":{"start":{"line":139,"column":16},"end":{"line":139,"column":57},"skip":true},"45":{"start":{"line":143,"column":8},"end":{"line":147,"column":11},"skip":true},"46":{"start":{"line":144,"column":12},"end":{"line":146,"column":15},"skip":true},"47":{"start":{"line":145,"column":16},"end":{"line":145,"column":70},"skip":true},"48":{"start":{"line":149,"column":8},"end":{"line":149,"column":31},"skip":true},"49":{"start":{"line":150,"column":8},"end":{"line":150,"column":14},"skip":true},"50":{"start":{"line":158,"column":8},"end":{"line":158,"column":31},"skip":true},"51":{"start":{"line":160,"column":8},"end":{"line":160,"column":33},"skip":true},"52":{"start":{"line":161,"column":8},"end":{"line":161,"column":37},"skip":true},"53":{"start":{"line":162,"column":8},"end":{"line":162,"column":35},"skip":true},"54":{"start":{"line":164,"column":8},"end":{"line":164,"column":50},"skip":true},"55":{"start":{"line":166,"column":8},"end":{"line":256,"column":2},"skip":true},"56":{"start":{"line":258,"column":8},"end":{"line":286,"column":9},"skip":true},"57":{"start":{"line":259,"column":12},"end":{"line":269,"column":14},"skip":true},"58":{"start":{"line":271,"column":12},"end":{"line":285,"column":19},"skip":true},"59":{"start":{"line":274,"column":20},"end":{"line":274,"column":35},"skip":true},"60":{"start":{"line":275,"column":20},"end":{"line":284,"column":21},"skip":true},"61":{"start":{"line":277,"column":24},"end":{"line":277,"column":64},"skip":true},"62":{"start":{"line":279,"column":24},"end":{"line":279,"column":40},"skip":true},"63":{"start":{"line":281,"column":24},"end":{"line":281,"column":40},"skip":true},"64":{"start":{"line":283,"column":24},"end":{"line":283,"column":39},"skip":true},"65":{"start":{"line":288,"column":8},"end":{"line":290,"column":9},"skip":true},"66":{"start":{"line":289,"column":12},"end":{"line":289,"column":18},"skip":true},"67":{"start":{"line":291,"column":8},"end":{"line":293,"column":54},"skip":true},"68":{"start":{"line":296,"column":8},"end":{"line":301,"column":37},"skip":true},"69":{"start":{"line":303,"column":8},"end":{"line":303,"column":82},"skip":true},"70":{"start":{"line":306,"column":8},"end":{"line":308,"column":9},"skip":true},"71":{"start":{"line":307,"column":12},"end":{"line":307,"column":82},"skip":true},"72":{"start":{"line":310,"column":8},"end":{"line":312,"column":9},"skip":true},"73":{"start":{"line":311,"column":12},"end":{"line":311,"column":18},"skip":true},"74":{"start":{"line":313,"column":8},"end":{"line":313,"column":54},"skip":true},"75":{"start":{"line":314,"column":8},"end":{"line":314,"column":69},"skip":true},"76":{"start":{"line":315,"column":8},"end":{"line":323,"column":36},"skip":true},"77":{"start":{"line":316,"column":12},"end":{"line":316,"column":61},"skip":true},"78":{"start":{"line":317,"column":12},"end":{"line":320,"column":13},"skip":true},"79":{"start":{"line":318,"column":16},"end":{"line":318,"column":75},"skip":true},"80":{"start":{"line":319,"column":16},"end":{"line":319,"column":23},"skip":true},"81":{"start":{"line":321,"column":12},"end":{"line":321,"column":38},"skip":true},"82":{"start":{"line":322,"column":12},"end":{"line":322,"column":27},"skip":true},"83":{"start":{"line":324,"column":8},"end":{"line":324,"column":14},"skip":true}},"branchMap":{"1":{"line":39,"type":"binary-expr","locations":[{"start":{"line":39,"column":23},"end":{"line":39,"column":62}},{"start":{"line":40,"column":20},"end":{"line":40,"column":70}},{"start":{"line":41,"column":20},"end":{"line":41,"column":71}},{"start":{"line":42,"column":20},"end":{"line":42,"column":29}}]},"2":{"line":44,"type":"binary-expr","locations":[{"start":{"line":44,"column":23},"end":{"line":44,"column":37}},{"start":{"line":45,"column":20},"end":{"line":45,"column":61}},{"start":{"line":46,"column":20},"end":{"line":46,"column":70}},{"start":{"line":47,"column":20},"end":{"line":47,"column":26}}]},"3":{"line":51,"type":"cond-expr","locations":[{"start":{"line":52,"column":14},"end":{"line":52,"column":20}},{"start":{"line":53,"column":14},"end":{"line":53,"column":20}}]},"4":{"line":55,"type":"binary-expr","locations":[{"start":{"line":55,"column":16},"end":{"line":55,"column":44}},{"start":{"line":55,"column":49},"end":{"line":57,"column":43}}]},"5":{"line":55,"type":"cond-expr","locations":[{"start":{"line":56,"column":14},"end":{"line":56,"column":49}},{"start":{"line":57,"column":14},"end":{"line":57,"column":43}}]},"6":{"line":61,"type":"switch","locations":[{"start":{"line":68,"column":4},"end":{"line":150,"column":14},"skip":true},{"start":{"line":156,"column":4},"end":{"line":324,"column":14},"skip":true}]},"7":{"line":70,"type":"if","locations":[{"start":{"line":70,"column":12},"end":{"line":70,"column":12},"skip":true},{"start":{"line":70,"column":12},"end":{"line":70,"column":12},"skip":true}]},"8":{"line":70,"type":"binary-expr","locations":[{"start":{"line":70,"column":16},"end":{"line":70,"column":22},"skip":true},{"start":{"line":70,"column":27},"end":{"line":70,"column":32},"skip":true},{"start":{"line":71,"column":20},"end":{"line":71,"column":39},"skip":true},{"start":{"line":72,"column":20},"end":{"line":72,"column":49},"skip":true},{"start":{"line":73,"column":20},"end":{"line":73,"column":58},"skip":true},{"start":{"line":74,"column":20},"end":{"line":74,"column":69},"skip":true}]},"9":{"line":79,"type":"switch","locations":[{"start":{"line":80,"column":20},"end":{"line":80,"column":33},"skip":true},{"start":{"line":81,"column":20},"end":{"line":83,"column":30},"skip":true},{"start":{"line":84,"column":20},"end":{"line":85,"column":49},"skip":true}]},"10":{"line":89,"type":"switch","locations":[{"start":{"line":90,"column":12},"end":{"line":103,"column":22},"skip":true},{"start":{"line":105,"column":12},"end":{"line":106,"column":22},"skip":true}]},"11":{"line":89,"type":"binary-expr","locations":[{"start":{"line":89,"column":20},"end":{"line":89,"column":25},"skip":true},{"start":{"line":89,"column":29},"end":{"line":89,"column":48},"skip":true},{"start":{"line":89,"column":52},"end":{"line":89,"column":74},"skip":true}]},"12":{"line":92,"type":"if","locations":[{"start":{"line":92,"column":16},"end":{"line":92,"column":16},"skip":true},{"start":{"line":92,"column":16},"end":{"line":92,"column":16},"skip":true}]},"13":{"line":108,"type":"if","locations":[{"start":{"line":108,"column":12},"end":{"line":108,"column":12},"skip":true},{"start":{"line":108,"column":12},"end":{"line":108,"column":12},"skip":true}]},"14":{"line":108,"type":"binary-expr","locations":[{"start":{"line":108,"column":16},"end":{"line":108,"column":61},"skip":true},{"start":{"line":108,"column":66},"end":{"line":108,"column":72},"skip":true},{"start":{"line":108,"column":77},"end":{"line":108,"column":82},"skip":true},{"start":{"line":109,"column":20},"end":{"line":109,"column":39},"skip":true},{"start":{"line":110,"column":20},"end":{"line":110,"column":49},"skip":true},{"start":{"line":111,"column":20},"end":{"line":111,"column":58},"skip":true},{"start":{"line":112,"column":20},"end":{"line":112,"column":68},"skip":true}]},"15":{"line":129,"type":"if","locations":[{"start":{"line":129,"column":16},"end":{"line":129,"column":16},"skip":true},{"start":{"line":129,"column":16},"end":{"line":129,"column":16},"skip":true}]},"16":{"line":134,"type":"cond-expr","locations":[{"start":{"line":135,"column":26},"end":{"line":135,"column":29},"skip":true},{"start":{"line":136,"column":26},"end":{"line":136,"column":54},"skip":true}]},"17":{"line":164,"type":"binary-expr","locations":[{"start":{"line":164,"column":27},"end":{"line":164,"column":43},"skip":true},{"start":{"line":164,"column":47},"end":{"line":164,"column":49},"skip":true}]},"18":{"line":258,"type":"if","locations":[{"start":{"line":258,"column":8},"end":{"line":258,"column":8},"skip":true},{"start":{"line":258,"column":8},"end":{"line":258,"column":8},"skip":true}]},"19":{"line":275,"type":"switch","locations":[{"start":{"line":276,"column":20},"end":{"line":277,"column":64},"skip":true},{"start":{"line":278,"column":20},"end":{"line":279,"column":40},"skip":true},{"start":{"line":280,"column":20},"end":{"line":281,"column":40},"skip":true},{"start":{"line":282,"column":20},"end":{"line":283,"column":39},"skip":true}]},"20":{"line":288,"type":"if","locations":[{"start":{"line":288,"column":8},"end":{"line":288,"column":8},"skip":true},{"start":{"line":288,"column":8},"end":{"line":288,"column":8},"skip":true}]},"21":{"line":288,"type":"binary-expr","locations":[{"start":{"line":288,"column":12},"end":{"line":288,"column":40},"skip":true},{"start":{"line":288,"column":44},"end":{"line":288,"column":67},"skip":true}]},"22":{"line":292,"type":"binary-expr","locations":[{"start":{"line":292,"column":12},"end":{"line":292,"column":50},"skip":true},{"start":{"line":293,"column":12},"end":{"line":293,"column":53},"skip":true}]},"23":{"line":297,"type":"binary-expr","locations":[{"start":{"line":297,"column":12},"end":{"line":297,"column":63},"skip":true},{"start":{"line":298,"column":12},"end":{"line":301,"column":36},"skip":true}]},"24":{"line":303,"type":"binary-expr","locations":[{"start":{"line":303,"column":43},"end":{"line":303,"column":75},"skip":true},{"start":{"line":303,"column":79},"end":{"line":303,"column":81},"skip":true}]},"25":{"line":306,"type":"if","locations":[{"start":{"line":306,"column":8},"end":{"line":306,"column":8},"skip":true},{"start":{"line":306,"column":8},"end":{"line":306,"column":8},"skip":true}]},"26":{"line":310,"type":"if","locations":[{"start":{"line":310,"column":8},"end":{"line":310,"column":8},"skip":true},{"start":{"line":310,"column":8},"end":{"line":310,"column":8},"skip":true}]},"27":{"line":313,"type":"binary-expr","locations":[{"start":{"line":313,"column":27},"end":{"line":313,"column":43},"skip":true},{"start":{"line":313,"column":47},"end":{"line":313,"column":53},"skip":true}]},"28":{"line":317,"type":"if","locations":[{"start":{"line":317,"column":12},"end":{"line":317,"column":12},"skip":true},{"start":{"line":317,"column":12},"end":{"line":317,"column":12},"skip":true}]}},"code":["/*","example.js","","quickstart example","","instruction","    1. save this script as example.js","    2. run the shell command:","        $ npm install npmtest-spoof && PORT=8081 node example.js","    3. play with the browser-demo on http://127.0.0.1:8081","*/","","","","/* istanbul instrument in package npmtest_spoof */","/*jslint","    bitwise: true,","    browser: true,","    maxerr: 8,","    maxlen: 96,","    node: true,","    nomen: true,","    regexp: true,","    stupid: true","*/","(function () {","    'use strict';","    var local;","","","","    // run shared js-env code - init-before","    (function () {","        // init local","        local = {};","        // init modeJs","        local.modeJs = (function () {","            try {","                return typeof navigator.userAgent === 'string' &&","                    typeof document.querySelector('body') === 'object' &&","                    typeof XMLHttpRequest.prototype.open === 'function' &&","                    'browser';","            } catch (errorCaughtBrowser) {","                return module.exports &&","                    typeof process.versions.node === 'string' &&","                    typeof require('http').createServer === 'function' &&","                    'node';","            }","        }());","        // init global","        local.global = local.modeJs === 'browser'","            ? window","            : global;","        // init utility2_rollup","        local = local.global.utility2_rollup || (local.modeJs === 'browser'","            ? local.global.utility2_npmtest_spoof","            : global.utility2_moduleExports);","        // export local","        local.global.local = local;","    }());","    switch (local.modeJs) {","","","","    // init-after","    // run browser js-env code - init-after","    /* istanbul ignore next */","    case 'browser':","        local.testRunBrowser = function (event) {","            if (!event || (event &&","                    event.currentTarget &&","                    event.currentTarget.className &&","                    event.currentTarget.className.includes &&","                    event.currentTarget.className.includes('onreset'))) {","                // reset output","                Array.from(","                    document.querySelectorAll('body > .resettable')","                ).forEach(function (element) {","                    switch (element.tagName) {","                    case 'INPUT':","                    case 'TEXTAREA':","                        element.value = '';","                        break;","                    default:","                        element.textContent = '';","                    }","                });","            }","            switch (event && event.currentTarget && event.currentTarget.id) {","            case 'testRunButton1':","                // show tests","                if (document.querySelector('#testReportDiv1').style.display === 'none') {","                    document.querySelector('#testReportDiv1').style.display = 'block';","                    document.querySelector('#testRunButton1').textContent =","                        'hide internal test';","                    local.modeTest = true;","                    local.testRunDefault(local);","                // hide tests","                } else {","                    document.querySelector('#testReportDiv1').style.display = 'none';","                    document.querySelector('#testRunButton1').textContent = 'run internal test';","                }","                break;","            // custom-case","            default:","                break;","            }","            if (document.querySelector('#inputTextareaEval1') && (!event || (event &&","                    event.currentTarget &&","                    event.currentTarget.className &&","                    event.currentTarget.className.includes &&","                    event.currentTarget.className.includes('oneval')))) {","                // try to eval input-code","                try {","                    /*jslint evil: true*/","                    eval(document.querySelector('#inputTextareaEval1').value);","                } catch (errorCaught) {","                    console.error(errorCaught);","                }","            }","        };","        // log stderr and stdout to #outputTextareaStdout1","        ['error', 'log'].forEach(function (key) {","            console[key + '_original'] = console[key];","            console[key] = function () {","                var element;","                console[key + '_original'].apply(console, arguments);","                element = document.querySelector('#outputTextareaStdout1');","                if (!element) {","                    return;","                }","                // append text to #outputTextareaStdout1","                element.value += Array.from(arguments).map(function (arg) {","                    return typeof arg === 'string'","                        ? arg","                        : JSON.stringify(arg, null, 4);","                }).join(' ') + '\\n';","                // scroll textarea to bottom","                element.scrollTop = element.scrollHeight;","            };","        });","        // init event-handling","        ['change', 'click', 'keyup'].forEach(function (event) {","            Array.from(document.querySelectorAll('.on' + event)).forEach(function (element) {","                element.addEventListener(event, local.testRunBrowser);","            });","        });","        // run tests","        local.testRunBrowser();","        break;","","","","    // run node js-env code - init-after","    /* istanbul ignore next */","    case 'node':","        // export local","        module.exports = local;","        // require modules","        local.fs = require('fs');","        local.http = require('http');","        local.url = require('url');","        // init assets","        local.assetsDict = local.assetsDict || {};","        /* jslint-ignore-begin */","        local.assetsDict['/assets.index.template.html'] = '\\","<!doctype html>\\n\\","<html lang=\"en\">\\n\\","<head>\\n\\","<meta charset=\"UTF-8\">\\n\\","<meta name=\"viewport\" content=\"width=device-width, initial-scale=1\">\\n\\","<title>{{env.npm_package_name}} (v{{env.npm_package_version}})</title>\\n\\","<style>\\n\\","/*csslint\\n\\","    box-sizing: false,\\n\\","    universal-selector: false\\n\\","*/\\n\\","* {\\n\\","    box-sizing: border-box;\\n\\","}\\n\\","body {\\n\\","    background: #dde;\\n\\","    font-family: Arial, Helvetica, sans-serif;\\n\\","    margin: 2rem;\\n\\","}\\n\\","body > * {\\n\\","    margin-bottom: 1rem;\\n\\","}\\n\\",".utility2FooterDiv {\\n\\","    margin-top: 20px;\\n\\","    text-align: center;\\n\\","}\\n\\","</style>\\n\\","<style>\\n\\","/*csslint\\n\\","*/\\n\\","textarea {\\n\\","    font-family: monospace;\\n\\","    height: 10rem;\\n\\","    width: 100%;\\n\\","}\\n\\","textarea[readonly] {\\n\\","    background: #ddd;\\n\\","}\\n\\","</style>\\n\\","</head>\\n\\","<body>\\n\\","<!-- utility2-comment\\n\\","<div id=\"ajaxProgressDiv1\" style=\"background: #d00; height: 2px; left: 0; margin: 0; padding: 0; position: fixed; top: 0; transition: background 0.5s, width 1.5s; width: 25%;\"></div>\\n\\","utility2-comment -->\\n\\","<h1>\\n\\","<!-- utility2-comment\\n\\","    <a\\n\\","        {{#if env.npm_package_homepage}}\\n\\","        href=\"{{env.npm_package_homepage}}\"\\n\\","        {{/if env.npm_package_homepage}}\\n\\","        target=\"_blank\"\\n\\","    >\\n\\","utility2-comment -->\\n\\","        {{env.npm_package_name}} (v{{env.npm_package_version}})\\n\\","<!-- utility2-comment\\n\\","    </a>\\n\\","utility2-comment -->\\n\\","</h1>\\n\\","<h3>{{env.npm_package_description}}</h3>\\n\\","<!-- utility2-comment\\n\\","<h4><a download href=\"assets.app.js\">download standalone app</a></h4>\\n\\","<button class=\"onclick onreset\" id=\"testRunButton1\">run internal test</button><br>\\n\\","<div id=\"testReportDiv1\" style=\"display: none;\"></div>\\n\\","utility2-comment -->\\n\\","\\n\\","\\n\\","\\n\\","<label>stderr and stdout</label>\\n\\","<textarea class=\"resettable\" id=\"outputTextareaStdout1\" readonly></textarea>\\n\\","<!-- utility2-comment\\n\\","{{#if isRollup}}\\n\\","<script src=\"assets.app.js\"></script>\\n\\","{{#unless isRollup}}\\n\\","utility2-comment -->\\n\\","<script src=\"assets.utility2.rollup.js\"></script>\\n\\","<script src=\"jsonp.utility2._stateInit?callback=window.utility2._stateInit\"></script>\\n\\","<script src=\"assets.npmtest_spoof.rollup.js\"></script>\\n\\","<script src=\"assets.example.js\"></script>\\n\\","<script src=\"assets.test.js\"></script>\\n\\","<!-- utility2-comment\\n\\","{{/if isRollup}}\\n\\","utility2-comment -->\\n\\","<div class=\"utility2FooterDiv\">\\n\\","    [ this app was created with\\n\\","    <a href=\"https://github.com/kaizhu256/node-utility2\" target=\"_blank\">utility2</a>\\n\\","    ]\\n\\","</div>\\n\\","</body>\\n\\","</html>\\n\\","';","        /* jslint-ignore-end */","        if (local.templateRender) {","            local.assetsDict['/'] = local.templateRender(","                local.assetsDict['/assets.index.template.html'],","                {","                    env: local.objectSetDefault(local.env, {","                        npm_package_description: 'the greatest app in the world!',","                        npm_package_name: 'my-app',","                        npm_package_nameAlias: 'my_app',","                        npm_package_version: '0.0.1'","                    })","                }","            );","        } else {","            local.assetsDict['/'] = local.assetsDict['/assets.index.template.html']","                .replace((/\\{\\{env\\.(\\w+?)\\}\\}/g), function (match0, match1) {","                    // jslint-hack","                    String(match0);","                    switch (match1) {","                    case 'npm_package_description':","                        return 'the greatest app in the world!';","                    case 'npm_package_name':","                        return 'my-app';","                    case 'npm_package_nameAlias':","                        return 'my_app';","                    case 'npm_package_version':","                        return '0.0.1';","                    }","                });","        }","        // run the cli","        if (local.global.utility2_rollup || module !== require.main) {","            break;","        }","        local.assetsDict['/assets.example.js'] =","            local.assetsDict['/assets.example.js'] ||","            local.fs.readFileSync(__filename, 'utf8');","        // bug-workaround - long $npm_package_buildCustomOrg","        /* jslint-ignore-begin */","        local.assetsDict['/assets.npmtest_spoof.rollup.js'] =","            local.assetsDict['/assets.npmtest_spoof.rollup.js'] ||","            local.fs.readFileSync(","                local.npmtest_spoof.__dirname + '/lib.npmtest_spoof.js',","                'utf8'","            ).replace((/^#!/), '//');","        /* jslint-ignore-end */","        local.assetsDict['/favicon.ico'] = local.assetsDict['/favicon.ico'] || '';","        // if $npm_config_timeout_exit exists,","        // then exit this process after $npm_config_timeout_exit ms","        if (Number(process.env.npm_config_timeout_exit)) {","            setTimeout(process.exit, Number(process.env.npm_config_timeout_exit));","        }","        // start server","        if (local.global.utility2_serverHttp1) {","            break;","        }","        process.env.PORT = process.env.PORT || '8081';","        console.error('server starting on port ' + process.env.PORT);","        local.http.createServer(function (request, response) {","            request.urlParsed = local.url.parse(request.url);","            if (local.assetsDict[request.urlParsed.pathname] !== undefined) {","                response.end(local.assetsDict[request.urlParsed.pathname]);","                return;","            }","            response.statusCode = 404;","            response.end();","        }).listen(process.env.PORT);","        break;","    }","}());",""],"l":{"26":2,"28":2,"33":2,"35":2,"37":2,"38":2,"39":2,"44":1,"51":2,"55":2,"59":2,"61":2,"69":1,"70":2,"76":2,"79":2,"82":2,"83":2,"85":1,"89":2,"92":1,"93":1,"94":1,"96":1,"97":1,"100":1,"101":1,"103":1,"106":1,"108":2,"114":1,"116":1,"118":1,"123":1,"124":2,"125":2,"126":3,"127":3,"128":3,"129":3,"130":1,"133":3,"134":3,"139":3,"143":1,"144":3,"145":1,"149":1,"150":1,"158":1,"160":1,"161":1,"162":1,"164":1,"166":1,"258":1,"259":1,"271":1,"274":6,"275":6,"277":1,"279":2,"281":1,"283":2,"288":1,"289":1,"291":1,"296":1,"303":1,"306":1,"307":1,"310":1,"311":1,"313":1,"314":1,"315":1,"316":1,"317":1,"318":1,"319":1,"321":1,"322":1,"324":1}},"/home/travis/build/npmtest/node-npmtest-spoof/node_modules/spoof/index.js":{"path":"/home/travis/build/npmtest/node-npmtest-spoof/node_modules/spoof/index.js","s":{"1":1,"2":1,"3":1,"4":1,"5":1,"6":0,"7":0,"8":1,"9":1,"10":1,"11":1,"12":1,"13":1,"14":1,"15":0,"16":0,"17":0,"18":0,"19":0,"20":0,"21":0,"22":0,"23":0,"24":0,"25":0,"26":0,"27":0,"28":0,"29":0,"30":0,"31":0,"32":0,"33":0,"34":0,"35":0,"36":0,"37":0,"38":0,"39":0,"40":0,"41":0,"42":0,"43":0,"44":0,"45":0,"46":0,"47":0,"48":0,"49":0,"50":0,"51":0,"52":0,"53":0,"54":0,"55":0,"56":0,"57":0,"58":0,"59":0,"60":0,"61":0,"62":0,"63":0,"64":0,"65":0,"66":0,"67":0,"68":0,"69":0,"70":0,"71":0,"72":0,"73":0,"74":0,"75":0,"76":0,"77":0,"78":0,"79":0,"80":0,"81":0,"82":0,"83":0,"84":0,"85":0,"86":0,"87":0,"88":0,"89":0,"90":0,"91":0,"92":0,"93":0,"94":0,"95":0,"96":0,"97":0,"98":0,"99":0,"100":0,"101":0,"102":0,"103":0,"104":0,"105":0,"106":0,"107":0,"108":0,"109":0,"110":0,"111":1,"112":0,"113":0,"114":1,"115":0,"116":0,"117":0,"118":0,"119":0,"120":0,"121":0,"122":0,"123":0,"124":1,"125":0,"126":0,"127":0,"128":0,"129":0,"130":0,"131":0,"132":0,"133":0,"134":0,"135":0,"136":0,"137":0,"138":0,"139":0,"140":0,"141":0,"142":0,"143":0,"144":0,"145":0,"146":0,"147":0,"148":0,"149":0,"150":0,"151":0,"152":0,"153":0,"154":0,"155":0,"156":1,"157":0,"158":0,"159":0,"160":0,"161":0,"162":0,"163":0,"164":0,"165":0,"166":0,"167":0,"168":0,"169":0,"170":0,"171":0,"172":0,"173":0,"174":0,"175":1,"176":0,"177":0,"178":0,"179":0,"180":0,"181":0,"182":0,"183":0,"184":0,"185":0,"186":1,"187":0,"188":0,"189":0,"190":0,"191":0,"192":0,"193":0,"194":0,"195":0,"196":0,"197":0,"198":1,"199":0,"200":0,"201":0,"202":0,"203":1,"204":0,"205":0,"206":0,"207":0},"b":{"1":[0,1],"2":[0,0],"3":[0,0],"4":[0,0],"5":[0,0],"6":[0,0],"7":[0,0],"8":[0,0],"9":[0,0],"10":[0,0],"11":[0,0],"12":[0,0,0],"13":[0,0],"14":[0,0],"15":[0,0],"16":[0,0],"17":[0,0],"18":[0,0],"19":[0,0],"20":[0,0],"21":[0,0],"22":[0,0],"23":[0,0],"24":[0,0],"25":[0,0],"26":[0,0],"27":[0,0],"28":[0,0],"29":[0,0],"30":[0,0],"31":[0,0],"32":[0,0],"33":[0,0],"34":[0,0],"35":[0,0],"36":[0,0],"37":[0,0],"38":[0,0],"39":[0,0],"40":[0,0],"41":[0,0],"42":[0,0],"43":[0,0],"44":[0,0],"45":[0,0],"46":[0,0],"47":[0,0],"48":[0,0],"49":[0,0]},"f":{"1":0,"2":0,"3":0,"4":0,"5":0,"6":0,"7":0,"8":0,"9":0,"10":0,"11":0,"12":0,"13":0,"14":0,"15":0,"16":0},"fnMap":{"1":{"name":"(anonymous_1)","line":35,"loc":{"start":{"line":35,"column":25},"end":{"line":35,"column":44}}},"2":{"name":"(anonymous_2)","line":38,"loc":{"start":{"line":38,"column":24},"end":{"line":38,"column":42}}},"3":{"name":"(anonymous_3)","line":228,"loc":{"start":{"line":228,"column":24},"end":{"line":228,"column":42}}},"4":{"name":"(anonymous_4)","line":238,"loc":{"start":{"line":238,"column":26},"end":{"line":238,"column":44}}},"5":{"name":"(anonymous_5)","line":266,"loc":{"start":{"line":266,"column":26},"end":{"line":266,"column":55}}},"6":{"name":"(anonymous_6)","line":322,"loc":{"start":{"line":322,"column":16},"end":{"line":322,"column":37}}},"7":{"name":"(anonymous_7)","line":342,"loc":{"start":{"line":342,"column":24},"end":{"line":342,"column":52}}},"8":{"name":"(anonymous_8)","line":356,"loc":{"start":{"line":356,"column":31},"end":{"line":356,"column":54}}},"9":{"name":"(anonymous_9)","line":369,"loc":{"start":{"line":369,"column":67},"end":{"line":369,"column":79}}},"10":{"name":"(anonymous_10)","line":387,"loc":{"start":{"line":387,"column":17},"end":{"line":387,"column":39}}},"11":{"name":"(anonymous_11)","line":439,"loc":{"start":{"line":439,"column":9},"end":{"line":439,"column":25}}},"12":{"name":"(anonymous_12)","line":457,"loc":{"start":{"line":457,"column":20},"end":{"line":457,"column":35}}},"13":{"name":"(anonymous_13)","line":461,"loc":{"start":{"line":461,"column":24},"end":{"line":461,"column":44}}},"14":{"name":"(anonymous_14)","line":471,"loc":{"start":{"line":471,"column":11},"end":{"line":471,"column":27}}},"15":{"name":"chunk","line":481,"loc":{"start":{"line":481,"column":0},"end":{"line":481,"column":24}}},"16":{"name":"random","line":495,"loc":{"start":{"line":495,"column":0},"end":{"line":495,"column":27}}}},"statementMap":{"1":{"start":{"line":1,"column":0},"end":{"line":1,"column":33}},"2":{"start":{"line":2,"column":0},"end":{"line":2,"column":40}},"3":{"start":{"line":3,"column":0},"end":{"line":3,"column":35}},"4":{"start":{"line":4,"column":0},"end":{"line":4,"column":30}},"5":{"start":{"line":6,"column":0},"end":{"line":9,"column":1}},"6":{"start":{"line":7,"column":2},"end":{"line":7,"column":87}},"7":{"start":{"line":8,"column":2},"end":{"line":8,"column":17}},"8":{"start":{"line":12,"column":0},"end":{"line":12,"column":96}},"9":{"start":{"line":15,"column":0},"end":{"line":15,"column":109}},"10":{"start":{"line":19,"column":0},"end":{"line":19,"column":139}},"11":{"start":{"line":23,"column":0},"end":{"line":23,"column":79}},"12":{"start":{"line":26,"column":0},"end":{"line":26,"column":46}},"13":{"start":{"line":27,"column":0},"end":{"line":27,"column":49}},"14":{"start":{"line":35,"column":0},"end":{"line":221,"column":1}},"15":{"start":{"line":36,"column":2},"end":{"line":36,"column":25}},"16":{"start":{"line":38,"column":2},"end":{"line":40,"column":4}},"17":{"start":{"line":39,"column":4},"end":{"line":39,"column":31}},"18":{"start":{"line":42,"column":2},"end":{"line":42,"column":89}},"19":{"start":{"line":44,"column":2},"end":{"line":218,"column":3}},"20":{"start":{"line":51,"column":4},"end":{"line":55,"column":5}},"21":{"start":{"line":52,"column":6},"end":{"line":52,"column":75}},"22":{"start":{"line":54,"column":6},"end":{"line":54,"column":15}},"23":{"start":{"line":56,"column":4},"end":{"line":56,"column":16}},"24":{"start":{"line":57,"column":4},"end":{"line":64,"column":5}},"25":{"start":{"line":58,"column":6},"end":{"line":58,"column":77}},"26":{"start":{"line":59,"column":6},"end":{"line":61,"column":7}},"27":{"start":{"line":60,"column":8},"end":{"line":60,"column":13}},"28":{"start":{"line":62,"column":6},"end":{"line":62,"column":29}},"29":{"start":{"line":63,"column":6},"end":{"line":63,"column":60}},"30":{"start":{"line":66,"column":4},"end":{"line":66,"column":19}},"31":{"start":{"line":70,"column":4},"end":{"line":100,"column":5}},"32":{"start":{"line":71,"column":6},"end":{"line":71,"column":23}},"33":{"start":{"line":72,"column":6},"end":{"line":72,"column":29}},"34":{"start":{"line":73,"column":6},"end":{"line":73,"column":30}},"35":{"start":{"line":75,"column":6},"end":{"line":75,"column":58}},"36":{"start":{"line":76,"column":6},"end":{"line":78,"column":7}},"37":{"start":{"line":77,"column":8},"end":{"line":77,"column":47}},"38":{"start":{"line":80,"column":6},"end":{"line":85,"column":7}},"39":{"start":{"line":87,"column":6},"end":{"line":91,"column":7}},"40":{"start":{"line":89,"column":8},"end":{"line":89,"column":27}},"41":{"start":{"line":90,"column":8},"end":{"line":90,"column":16}},"42":{"start":{"line":93,"column":6},"end":{"line":99,"column":7}},"43":{"start":{"line":94,"column":8},"end":{"line":94,"column":27}},"44":{"start":{"line":95,"column":8},"end":{"line":98,"column":9}},"45":{"start":{"line":96,"column":10},"end":{"line":96,"column":29}},"46":{"start":{"line":97,"column":10},"end":{"line":97,"column":15}},"47":{"start":{"line":101,"column":9},"end":{"line":218,"column":3}},"48":{"start":{"line":106,"column":4},"end":{"line":110,"column":5}},"49":{"start":{"line":107,"column":6},"end":{"line":107,"column":68}},"50":{"start":{"line":109,"column":6},"end":{"line":109,"column":15}},"51":{"start":{"line":112,"column":4},"end":{"line":112,"column":16}},"52":{"start":{"line":113,"column":4},"end":{"line":120,"column":5}},"53":{"start":{"line":114,"column":6},"end":{"line":114,"column":47}},"54":{"start":{"line":115,"column":6},"end":{"line":117,"column":7}},"55":{"start":{"line":116,"column":8},"end":{"line":116,"column":13}},"56":{"start":{"line":118,"column":6},"end":{"line":118,"column":40}},"57":{"start":{"line":119,"column":6},"end":{"line":119,"column":60}},"58":{"start":{"line":122,"column":4},"end":{"line":122,"column":19}},"59":{"start":{"line":124,"column":4},"end":{"line":156,"column":5}},"60":{"start":{"line":125,"column":6},"end":{"line":125,"column":35}},"61":{"start":{"line":126,"column":6},"end":{"line":129,"column":7}},"62":{"start":{"line":127,"column":8},"end":{"line":127,"column":35}},"63":{"start":{"line":128,"column":8},"end":{"line":128,"column":26}},"64":{"start":{"line":131,"column":6},"end":{"line":131,"column":37}},"65":{"start":{"line":132,"column":6},"end":{"line":134,"column":7}},"66":{"start":{"line":133,"column":8},"end":{"line":133,"column":44}},"67":{"start":{"line":136,"column":6},"end":{"line":141,"column":7}},"68":{"start":{"line":143,"column":6},"end":{"line":147,"column":7}},"69":{"start":{"line":145,"column":8},"end":{"line":145,"column":27}},"70":{"start":{"line":146,"column":8},"end":{"line":146,"column":16}},"71":{"start":{"line":149,"column":6},"end":{"line":155,"column":7}},"72":{"start":{"line":150,"column":8},"end":{"line":150,"column":27}},"73":{"start":{"line":151,"column":8},"end":{"line":154,"column":9}},"74":{"start":{"line":152,"column":10},"end":{"line":152,"column":29}},"75":{"start":{"line":153,"column":10},"end":{"line":153,"column":15}},"76":{"start":{"line":157,"column":9},"end":{"line":218,"column":3}},"77":{"start":{"line":158,"column":4},"end":{"line":162,"column":5}},"78":{"start":{"line":159,"column":6},"end":{"line":159,"column":73}},"79":{"start":{"line":161,"column":6},"end":{"line":161,"column":15}},"80":{"start":{"line":164,"column":4},"end":{"line":164,"column":16}},"81":{"start":{"line":165,"column":4},"end":{"line":165,"column":19}},"82":{"start":{"line":166,"column":4},"end":{"line":166,"column":30}},"83":{"start":{"line":167,"column":4},"end":{"line":167,"column":14}},"84":{"start":{"line":168,"column":4},"end":{"line":217,"column":5}},"85":{"start":{"line":170,"column":6},"end":{"line":197,"column":7}},"86":{"start":{"line":171,"column":8},"end":{"line":184,"column":9}},"87":{"start":{"line":172,"column":10},"end":{"line":183,"column":11}},"88":{"start":{"line":174,"column":12},"end":{"line":174,"column":31}},"89":{"start":{"line":176,"column":12},"end":{"line":182,"column":13}},"90":{"start":{"line":177,"column":14},"end":{"line":177,"column":33}},"91":{"start":{"line":178,"column":14},"end":{"line":181,"column":15}},"92":{"start":{"line":179,"column":16},"end":{"line":179,"column":35}},"93":{"start":{"line":180,"column":16},"end":{"line":180,"column":21}},"94":{"start":{"line":186,"column":8},"end":{"line":189,"column":9}},"95":{"start":{"line":191,"column":8},"end":{"line":191,"column":50}},"96":{"start":{"line":192,"column":8},"end":{"line":194,"column":9}},"97":{"start":{"line":193,"column":10},"end":{"line":193,"column":18}},"98":{"start":{"line":196,"column":8},"end":{"line":196,"column":29}},"99":{"start":{"line":199,"column":6},"end":{"line":201,"column":7}},"100":{"start":{"line":200,"column":8},"end":{"line":200,"column":16}},"101":{"start":{"line":204,"column":6},"end":{"line":204,"column":58}},"102":{"start":{"line":205,"column":6},"end":{"line":209,"column":7}},"103":{"start":{"line":206,"column":8},"end":{"line":206,"column":56}},"104":{"start":{"line":207,"column":8},"end":{"line":207,"column":38}},"105":{"start":{"line":208,"column":8},"end":{"line":208,"column":16}},"106":{"start":{"line":212,"column":6},"end":{"line":212,"column":53}},"107":{"start":{"line":213,"column":6},"end":{"line":216,"column":7}},"108":{"start":{"line":214,"column":8},"end":{"line":214,"column":41}},"109":{"start":{"line":215,"column":8},"end":{"line":215,"column":16}},"110":{"start":{"line":220,"column":2},"end":{"line":220,"column":19}},"111":{"start":{"line":228,"column":0},"end":{"line":231,"column":1}},"112":{"start":{"line":229,"column":2},"end":{"line":229,"column":51}},"113":{"start":{"line":230,"column":2},"end":{"line":230,"column":36}},"114":{"start":{"line":238,"column":0},"end":{"line":253,"column":1}},"115":{"start":{"line":239,"column":2},"end":{"line":239,"column":21}},"116":{"start":{"line":241,"column":2},"end":{"line":252,"column":3}},"117":{"start":{"line":242,"column":4},"end":{"line":246,"column":5}},"118":{"start":{"line":243,"column":6},"end":{"line":243,"column":85}},"119":{"start":{"line":245,"column":6},"end":{"line":245,"column":17}},"120":{"start":{"line":248,"column":4},"end":{"line":248,"column":41}},"121":{"start":{"line":249,"column":4},"end":{"line":249,"column":51}},"122":{"start":{"line":250,"column":9},"end":{"line":252,"column":3}},"123":{"start":{"line":251,"column":4},"end":{"line":251,"column":73}},"124":{"start":{"line":266,"column":0},"end":{"line":333,"column":1}},"125":{"start":{"line":267,"column":2},"end":{"line":269,"column":3}},"126":{"start":{"line":268,"column":4},"end":{"line":268,"column":56}},"127":{"start":{"line":271,"column":2},"end":{"line":271,"column":83}},"128":{"start":{"line":273,"column":2},"end":{"line":332,"column":3}},"129":{"start":{"line":274,"column":4},"end":{"line":281,"column":5}},"130":{"start":{"line":276,"column":6},"end":{"line":280,"column":7}},"131":{"start":{"line":277,"column":8},"end":{"line":277,"column":78}},"132":{"start":{"line":279,"column":8},"end":{"line":279,"column":57}},"133":{"start":{"line":284,"column":4},"end":{"line":288,"column":5}},"134":{"start":{"line":285,"column":6},"end":{"line":285,"column":49}},"135":{"start":{"line":287,"column":6},"end":{"line":287,"column":66}},"136":{"start":{"line":291,"column":4},"end":{"line":295,"column":5}},"137":{"start":{"line":292,"column":6},"end":{"line":292,"column":60}},"138":{"start":{"line":294,"column":6},"end":{"line":294,"column":53}},"139":{"start":{"line":298,"column":4},"end":{"line":305,"column":5}},"140":{"start":{"line":299,"column":6},"end":{"line":304,"column":7}},"141":{"start":{"line":300,"column":8},"end":{"line":300,"column":79}},"142":{"start":{"line":301,"column":8},"end":{"line":301,"column":78}},"143":{"start":{"line":303,"column":8},"end":{"line":303,"column":60}},"144":{"start":{"line":306,"column":9},"end":{"line":332,"column":3}},"145":{"start":{"line":309,"column":4},"end":{"line":314,"column":5}},"146":{"start":{"line":310,"column":6},"end":{"line":310,"column":74}},"147":{"start":{"line":311,"column":6},"end":{"line":311,"column":52}},"148":{"start":{"line":313,"column":6},"end":{"line":313,"column":53}},"149":{"start":{"line":315,"column":9},"end":{"line":332,"column":3}},"150":{"start":{"line":317,"column":4},"end":{"line":320,"column":6}},"151":{"start":{"line":322,"column":4},"end":{"line":331,"column":6}},"152":{"start":{"line":323,"column":6},"end":{"line":330,"column":7}},"153":{"start":{"line":324,"column":8},"end":{"line":324,"column":36}},"154":{"start":{"line":327,"column":8},"end":{"line":329,"column":9}},"155":{"start":{"line":328,"column":10},"end":{"line":328,"column":57}},"156":{"start":{"line":342,"column":0},"end":{"line":380,"column":1}},"157":{"start":{"line":344,"column":2},"end":{"line":346,"column":3}},"158":{"start":{"line":345,"column":4},"end":{"line":345,"column":16}},"159":{"start":{"line":348,"column":2},"end":{"line":351,"column":4}},"160":{"start":{"line":354,"column":2},"end":{"line":354,"column":29}},"161":{"start":{"line":356,"column":2},"end":{"line":379,"column":4}},"162":{"start":{"line":357,"column":4},"end":{"line":357,"column":26}},"163":{"start":{"line":358,"column":4},"end":{"line":378,"column":5}},"164":{"start":{"line":359,"column":6},"end":{"line":359,"column":34}},"165":{"start":{"line":361,"column":6},"end":{"line":366,"column":7}},"166":{"start":{"line":362,"column":8},"end":{"line":365,"column":9}},"167":{"start":{"line":363,"column":10},"end":{"line":363,"column":27}},"168":{"start":{"line":364,"column":10},"end":{"line":364,"column":15}},"169":{"start":{"line":368,"column":6},"end":{"line":377,"column":7}},"170":{"start":{"line":369,"column":8},"end":{"line":376,"column":10}},"171":{"start":{"line":370,"column":10},"end":{"line":375,"column":11}},"172":{"start":{"line":371,"column":12},"end":{"line":371,"column":81}},"173":{"start":{"line":372,"column":12},"end":{"line":372,"column":80}},"174":{"start":{"line":374,"column":12},"end":{"line":374,"column":85}},"175":{"start":{"line":387,"column":0},"end":{"line":443,"column":1}},"176":{"start":{"line":391,"column":2},"end":{"line":400,"column":3}},"177":{"start":{"line":404,"column":2},"end":{"line":409,"column":3}},"178":{"start":{"line":411,"column":2},"end":{"line":411,"column":66}},"179":{"start":{"line":413,"column":2},"end":{"line":415,"column":3}},"180":{"start":{"line":414,"column":4},"end":{"line":414,"column":45}},"181":{"start":{"line":417,"column":2},"end":{"line":424,"column":3}},"182":{"start":{"line":426,"column":2},"end":{"line":436,"column":3}},"183":{"start":{"line":435,"column":4},"end":{"line":435,"column":15}},"184":{"start":{"line":438,"column":2},"end":{"line":442,"column":28}},"185":{"start":{"line":440,"column":6},"end":{"line":440,"column":43}},"186":{"start":{"line":457,"column":0},"end":{"line":479,"column":1}},"187":{"start":{"line":458,"column":2},"end":{"line":458,"column":40}},"188":{"start":{"line":459,"column":2},"end":{"line":465,"column":3}},"189":{"start":{"line":460,"column":4},"end":{"line":460,"column":30}},"190":{"start":{"line":461,"column":4},"end":{"line":463,"column":15}},"191":{"start":{"line":462,"column":6},"end":{"line":462,"column":34}},"192":{"start":{"line":464,"column":4},"end":{"line":464,"column":48}},"193":{"start":{"line":467,"column":2},"end":{"line":467,"column":30}},"194":{"start":{"line":468,"column":2},"end":{"line":476,"column":3}},"195":{"start":{"line":469,"column":4},"end":{"line":469,"column":26}},"196":{"start":{"line":470,"column":4},"end":{"line":475,"column":20}},"197":{"start":{"line":472,"column":8},"end":{"line":472,"column":32}},"198":{"start":{"line":481,"column":0},"end":{"line":487,"column":1}},"199":{"start":{"line":482,"column":2},"end":{"line":482,"column":14}},"200":{"start":{"line":483,"column":2},"end":{"line":485,"column":3}},"201":{"start":{"line":484,"column":4},"end":{"line":484,"column":33}},"202":{"start":{"line":486,"column":2},"end":{"line":486,"column":12}},"203":{"start":{"line":495,"column":0},"end":{"line":501,"column":1}},"204":{"start":{"line":496,"column":2},"end":{"line":499,"column":3}},"205":{"start":{"line":497,"column":4},"end":{"line":497,"column":13}},"206":{"start":{"line":498,"column":4},"end":{"line":498,"column":11}},"207":{"start":{"line":500,"column":2},"end":{"line":500,"column":58}}},"branchMap":{"1":{"line":6,"type":"if","locations":[{"start":{"line":6,"column":0},"end":{"line":6,"column":0}},{"start":{"line":6,"column":0},"end":{"line":6,"column":0}}]},"2":{"line":36,"type":"binary-expr","locations":[{"start":{"line":36,"column":12},"end":{"line":36,"column":19}},{"start":{"line":36,"column":23},"end":{"line":36,"column":25}}]},"3":{"line":44,"type":"if","locations":[{"start":{"line":44,"column":2},"end":{"line":44,"column":2}},{"start":{"line":44,"column":2},"end":{"line":44,"column":2}}]},"4":{"line":59,"type":"if","locations":[{"start":{"line":59,"column":6},"end":{"line":59,"column":6}},{"start":{"line":59,"column":6},"end":{"line":59,"column":6}}]},"5":{"line":59,"type":"binary-expr","locations":[{"start":{"line":59,"column":10},"end":{"line":59,"column":17}},{"start":{"line":59,"column":21},"end":{"line":59,"column":31}}]},"6":{"line":76,"type":"if","locations":[{"start":{"line":76,"column":6},"end":{"line":76,"column":6}},{"start":{"line":76,"column":6},"end":{"line":76,"column":6}}]},"7":{"line":87,"type":"if","locations":[{"start":{"line":87,"column":6},"end":{"line":87,"column":6}},{"start":{"line":87,"column":6},"end":{"line":87,"column":6}}]},"8":{"line":95,"type":"if","locations":[{"start":{"line":95,"column":8},"end":{"line":95,"column":8}},{"start":{"line":95,"column":8},"end":{"line":95,"column":8}}]},"9":{"line":95,"type":"binary-expr","locations":[{"start":{"line":95,"column":12},"end":{"line":95,"column":41}},{"start":{"line":95,"column":45},"end":{"line":95,"column":76}}]},"10":{"line":101,"type":"if","locations":[{"start":{"line":101,"column":9},"end":{"line":101,"column":9}},{"start":{"line":101,"column":9},"end":{"line":101,"column":9}}]},"11":{"line":115,"type":"if","locations":[{"start":{"line":115,"column":6},"end":{"line":115,"column":6}},{"start":{"line":115,"column":6},"end":{"line":115,"column":6}}]},"12":{"line":115,"type":"binary-expr","locations":[{"start":{"line":115,"column":10},"end":{"line":115,"column":17}},{"start":{"line":115,"column":21},"end":{"line":115,"column":31}},{"start":{"line":115,"column":35},"end":{"line":115,"column":45}}]},"13":{"line":126,"type":"if","locations":[{"start":{"line":126,"column":6},"end":{"line":126,"column":6}},{"start":{"line":126,"column":6},"end":{"line":126,"column":6}}]},"14":{"line":132,"type":"if","locations":[{"start":{"line":132,"column":6},"end":{"line":132,"column":6}},{"start":{"line":132,"column":6},"end":{"line":132,"column":6}}]},"15":{"line":143,"type":"if","locations":[{"start":{"line":143,"column":6},"end":{"line":143,"column":6}},{"start":{"line":143,"column":6},"end":{"line":143,"column":6}}]},"16":{"line":151,"type":"if","locations":[{"start":{"line":151,"column":8},"end":{"line":151,"column":8}},{"start":{"line":151,"column":8},"end":{"line":151,"column":8}}]},"17":{"line":151,"type":"binary-expr","locations":[{"start":{"line":151,"column":12},"end":{"line":151,"column":41}},{"start":{"line":151,"column":45},"end":{"line":151,"column":76}}]},"18":{"line":157,"type":"if","locations":[{"start":{"line":157,"column":9},"end":{"line":157,"column":9}},{"start":{"line":157,"column":9},"end":{"line":157,"column":9}}]},"19":{"line":170,"type":"if","locations":[{"start":{"line":170,"column":6},"end":{"line":170,"column":6}},{"start":{"line":170,"column":6},"end":{"line":170,"column":6}}]},"20":{"line":171,"type":"if","locations":[{"start":{"line":171,"column":8},"end":{"line":171,"column":8}},{"start":{"line":171,"column":8},"end":{"line":171,"column":8}}]},"21":{"line":172,"type":"if","locations":[{"start":{"line":172,"column":10},"end":{"line":172,"column":10}},{"start":{"line":172,"column":10},"end":{"line":172,"column":10}}]},"22":{"line":178,"type":"if","locations":[{"start":{"line":178,"column":14},"end":{"line":178,"column":14}},{"start":{"line":178,"column":14},"end":{"line":178,"column":14}}]},"23":{"line":178,"type":"binary-expr","locations":[{"start":{"line":178,"column":18},"end":{"line":178,"column":50}},{"start":{"line":178,"column":54},"end":{"line":178,"column":88}}]},"24":{"line":192,"type":"if","locations":[{"start":{"line":192,"column":8},"end":{"line":192,"column":8}},{"start":{"line":192,"column":8},"end":{"line":192,"column":8}}]},"25":{"line":199,"type":"if","locations":[{"start":{"line":199,"column":6},"end":{"line":199,"column":6}},{"start":{"line":199,"column":6},"end":{"line":199,"column":6}}]},"26":{"line":205,"type":"if","locations":[{"start":{"line":205,"column":6},"end":{"line":205,"column":6}},{"start":{"line":205,"column":6},"end":{"line":205,"column":6}}]},"27":{"line":213,"type":"if","locations":[{"start":{"line":213,"column":6},"end":{"line":213,"column":6}},{"start":{"line":213,"column":6},"end":{"line":213,"column":6}}]},"28":{"line":230,"type":"binary-expr","locations":[{"start":{"line":230,"column":9},"end":{"line":230,"column":19}},{"start":{"line":230,"column":23},"end":{"line":230,"column":36}}]},"29":{"line":241,"type":"if","locations":[{"start":{"line":241,"column":2},"end":{"line":241,"column":2}},{"start":{"line":241,"column":2},"end":{"line":241,"column":2}}]},"30":{"line":241,"type":"binary-expr","locations":[{"start":{"line":241,"column":6},"end":{"line":241,"column":35}},{"start":{"line":241,"column":39},"end":{"line":241,"column":67}}]},"31":{"line":249,"type":"binary-expr","locations":[{"start":{"line":249,"column":11},"end":{"line":249,"column":18}},{"start":{"line":249,"column":22},"end":{"line":249,"column":51}}]},"32":{"line":250,"type":"if","locations":[{"start":{"line":250,"column":9},"end":{"line":250,"column":9}},{"start":{"line":250,"column":9},"end":{"line":250,"column":9}}]},"33":{"line":267,"type":"if","locations":[{"start":{"line":267,"column":2},"end":{"line":267,"column":2}},{"start":{"line":267,"column":2},"end":{"line":267,"column":2}}]},"34":{"line":271,"type":"binary-expr","locations":[{"start":{"line":271,"column":23},"end":{"line":271,"column":27}},{"start":{"line":271,"column":31},"end":{"line":271,"column":83}}]},"35":{"line":273,"type":"if","locations":[{"start":{"line":273,"column":2},"end":{"line":273,"column":2}},{"start":{"line":273,"column":2},"end":{"line":273,"column":2}}]},"36":{"line":274,"type":"if","locations":[{"start":{"line":274,"column":4},"end":{"line":274,"column":4}},{"start":{"line":274,"column":4},"end":{"line":274,"column":4}}]},"37":{"line":298,"type":"if","locations":[{"start":{"line":298,"column":4},"end":{"line":298,"column":4}},{"start":{"line":298,"column":4},"end":{"line":298,"column":4}}]},"38":{"line":306,"type":"if","locations":[{"start":{"line":306,"column":9},"end":{"line":306,"column":9}},{"start":{"line":306,"column":9},"end":{"line":306,"column":9}}]},"39":{"line":315,"type":"if","locations":[{"start":{"line":315,"column":9},"end":{"line":315,"column":9}},{"start":{"line":315,"column":9},"end":{"line":315,"column":9}}]},"40":{"line":323,"type":"if","locations":[{"start":{"line":323,"column":6},"end":{"line":323,"column":6}},{"start":{"line":323,"column":6},"end":{"line":323,"column":6}}]},"41":{"line":344,"type":"if","locations":[{"start":{"line":344,"column":2},"end":{"line":344,"column":2}},{"start":{"line":344,"column":2},"end":{"line":344,"column":2}}]},"42":{"line":358,"type":"if","locations":[{"start":{"line":358,"column":4},"end":{"line":358,"column":4}},{"start":{"line":358,"column":4},"end":{"line":358,"column":4}}]},"43":{"line":362,"type":"if","locations":[{"start":{"line":362,"column":8},"end":{"line":362,"column":8}},{"start":{"line":362,"column":8},"end":{"line":362,"column":8}}]},"44":{"line":368,"type":"if","locations":[{"start":{"line":368,"column":6},"end":{"line":368,"column":6}},{"start":{"line":368,"column":6},"end":{"line":368,"column":6}}]},"45":{"line":413,"type":"if","locations":[{"start":{"line":413,"column":2},"end":{"line":413,"column":2}},{"start":{"line":413,"column":2},"end":{"line":413,"column":2}}]},"46":{"line":426,"type":"if","locations":[{"start":{"line":426,"column":2},"end":{"line":426,"column":2}},{"start":{"line":426,"column":2},"end":{"line":426,"column":2}}]},"47":{"line":459,"type":"if","locations":[{"start":{"line":459,"column":2},"end":{"line":459,"column":2}},{"start":{"line":459,"column":2},"end":{"line":459,"column":2}}]},"48":{"line":468,"type":"if","locations":[{"start":{"line":468,"column":2},"end":{"line":468,"column":2}},{"start":{"line":468,"column":2},"end":{"line":468,"column":2}}]},"49":{"line":496,"type":"if","locations":[{"start":{"line":496,"column":2},"end":{"line":496,"column":2}},{"start":{"line":496,"column":2},"end":{"line":496,"column":2}}]}},"code":["var cp = require('child_process')","var quote = require('shell-quote').quote","var zeroFill = require('zero-fill')","var Winreg = require('winreg')","","if (!cp.execSync) {","  console.error('Error: Missing child_process.execSync. Please use node 0.12 or iojs.')","  process.exit(1)","}","","// Path to Airport binary on macOS 10.7+","var PATH_TO_AIRPORT = '/System/Library/PrivateFrameworks/Apple80211.framework/Resources/airport'","","// Windows registry key for interface MAC. Checked on Windows 7","var WIN_REGISTRY_PATH = '\\\\SYSTEM\\\\CurrentControlSet\\\\Control\\\\Class\\\\{4D36E972-E325-11CE-BFC1-08002BE10318}'","","// Regex to validate a MAC address","// Example: 00-00-00-00-00-00 or 00:00:00:00:00:00 or 000000000000","var MAC_ADDRESS_RE = /([0-9A-F]{1,2})[:-]?([0-9A-F]{1,2})[:-]?([0-9A-F]{1,2})[:-]?([0-9A-F]{1,2})[:-]?([0-9A-F]{1,2})[:-]?([0-9A-F]{1,2})/i","","// Regex to validate a MAC address in cisco-style","// Example: 0123.4567.89ab","var CISCO_MAC_ADDRESS_RE = /([0-9A-F]{0,4})\\.([0-9A-F]{0,4})\\.([0-9A-F]{0,4})/i","","// The possible port names for wireless devices as returned by networksetup.","var WIRELESS_PORT_NAMES = ['wi-fi', 'airport']","exports.WIRELESS_PORT_NAMES = WIRELESS_PORT_NAMES","","/**"," * Returns the list of interfaces found on this machine as reported by the"," * `networksetup` command."," * @param {Array.<string>|null} targets"," * @return {Array.<Object>)}"," */","exports.findInterfaces = function (targets) {","  targets = targets || []","","  targets = targets.map(function (target) {","    return target.toLowerCase()","  })","","  var output, interfaces, details, result, i, port, device, address, it, j, target, lines","","  if (process.platform === 'darwin') {","    // Parse the output of `networksetup -listallhardwareports` which gives","    // us 3 fields per port:","    // - the port name,","    // - the device associated with this port, if any,","    // - the MAC address, if any, otherwise 'N/A'","","    try {","      output = cp.execSync('networksetup -listallhardwareports').toString()","    } catch (err) {","      throw err","    }","    details = []","    while (true) {","      result = /(?:Hardware Port|Device|Ethernet Address): (.+)/.exec(output)","      if (!result || !result[1]) {","        break","      }","      details.push(result[1])","      output = output.slice(result.index + result[1].length)","    }","","    interfaces = [] // to return","","    // Split the results into chunks of 3 (for our three fields) and yield","    // those that match `targets`.","    for (i = 0; i < details.length; i += 3) {","      port = details[i]","      device = details[i + 1]","      address = details[i + 2]","","      address = MAC_ADDRESS_RE.exec(address.toUpperCase())","      if (address) {","        address = exports.normalize(address[0])","      }","
[...]
= [","    'D2',","    'D6',","    'DA',","    'DE'","  ]","","  var vendor = vendors[Math.floor(Math.random() * vendors.length)]","","  if (process.platform === 'win32') {","    vendor[0] = windowsPrefixes[random(0, 3)]","  }","","  var mac = [","    vendor[0],","    vendor[1],","    vendor[2],","    random(0x00, 0x7f),","    random(0x00, 0xff),","    random(0x00, 0xff)","  ]","","  if (localAdmin) {","    // Universally administered and locally administered addresses are","    // distinguished by setting the second least significant bit of the","    // most significant byte of the address. If the bit is 0, the address","    // is universally administered. If it is 1, the address is locally","    // administered. In the example address 02-00-00-00-00-01 the most","    // significant byte is 02h. The binary is 00000010 and the second","    // least significant bit is 1. Therefore, it is a locally administered","    // address.[3] The bit is 0 in all OUIs.","    mac[0] |= 2","  }","","  return mac","    .map(function (byte) {","      return zeroFill(2, byte.toString(16))","    })","    .join(':').toUpperCase()","}","","/**"," * Takes a MAC address in various formats:"," *"," *      - 00:00:00:00:00:00,"," *      - 00-00-00-00-00-00,"," *      - 0000.0000.0000"," *"," *  ... and returns it in the format 00:00:00:00:00:00."," *"," * @param  {string} mac"," * @return {string}"," */","exports.normalize = function (mac) {","  var m = CISCO_MAC_ADDRESS_RE.exec(mac)","  if (m) {","    var halfwords = m.slice(1)","    mac = halfwords.map(function (halfword) {","      return zeroFill(4, halfword)","    }).join('')","    return chunk(mac, 2).join(':').toUpperCase()","  }","","  m = MAC_ADDRESS_RE.exec(mac)","  if (m) {","    var bytes = m.slice(1)","    return bytes","      .map(function (byte) {","        return zeroFill(2, byte)","      })","      .join(':')","      .toUpperCase()","  }","","  // return None","}","","function chunk (str, n) {","  var arr = []","  for (var i = 0; i < str.length; i += n) {","    arr.push(str.slice(i, i + n))","  }","  return arr","}","","/**"," * Return a random integer between min and max (inclusive)."," * @param  {number} min"," * @param  {number=} max"," * @return {number}"," */","function random (min, max) {","  if (max == null) {","    max = min","    min = 0","  }","  return min + Math.floor(Math.random() * (max - min + 1))","}",""],"l":{"1":1,"2":1,"3":1,"4":1,"6":1,"7":0,"8":0,"12":1,"15":1,"19":1,"23":1,"26":1,"27":1,"35":1,"36":0,"38":0,"39":0,"42":0,"44":0,"51":0,"52":0,"54":0,"56":0,"57":0,"58":0,"59":0,"60":0,"62":0,"63":0,"66":0,"70":0,"71":0,"72":0,"73":0,"75":0,"76":0,"77":0,"80":0,"87":0,"89":0,"90":0,"93":0,"94":0,"95":0,"96":0,"97":0,"101":0,"106":0,"107":0,"109":0,"112":0,"113":0,"114":0,"115":0,"116":0,"118":0,"119":0,"122":0,"124":0,"125":0,"126":0,"127":0,"128":0,"131":0,"132":0,"133":0,"136":0,"143":0,"145":0,"146":0,"149":0,"150":0,"151":0,"152":0,"153":0,"157":0,"158":0,"159":0,"161":0,"164":0,"165":0,"166":0,"167":0,"168":0,"170":0,"171":0,"172":0,"174":0,"176":0,"177":0,"178":0,"179":0,"180":0,"186":0,"191":0,"192":0,"193":0,"196":0,"199":0,"200":0,"204":0,"205":0,"206":0,"207":0,"208":0,"212":0,"213":0,"214":0,"215":0,"220":0,"228":1,"229":0,"230":0,"238":1,"239":0,"241":0,"242":0,"243":0,"245":0,"248":0,"249":0,"250":0,"251":0,"266":1,"267":0,"268":0,"271":0,"273":0,"274":0,"276":0,"277":0,"279":0,"284":0,"285":0,"287":0,"291":0,"292":0,"294":0,"298":0,"299":0,"300":0,"301":0,"303":0,"306":0,"309":0,"310":0,"311":0,"313":0,"315":0,"317":0,"322":0,"323":0,"324":0,"327":0,"328":0,"342":1,"344":0,"345":0,"348":0,"354":0,"356":0,"357":0,"358":0,"359":0,"361":0,"362":0,"363":0,"364":0,"368":0,"369":0,"370":0,"371":0,"372":0,"374":0,"387":1,"391":0,"404":0,"411":0,"413":0,"414":0,"417":0,"426":0,"435":0,"438":0,"440":0,"457":1,"458":0,"459":0,"460":0,"461":0,"462":0,"464":0,"467":0,"468":0,"469":0,"470":0,"472":0,"481":1,"482":0,"483":0,"484":0,"486":0,"495":1,"496":0,"497":0,"498":0,"500":0}},"/home/travis/build/npmtest/node-npmtest-spoof/node_modules/spoof/bin/cmd.js":{"path":"/home/travis/build/npmtest/node-npmtest-spoof/node_modules/spoof/bin/cmd.js","s":{"1":1,"2":1,"3":1,"4":1,"5":1,"6":1,"7":0,"8":0,"9":1,"10":0,"11":0,"12":0,"13":0,"14":0,"15":0,"16":0,"17":0,"18":0,"19":0,"20":0,"21":0,"22":0,"23":0,"24":0,"25":0,"26":1,"27":1,"28":0,"29":0,"30":0,"31":0,"32":0,"33":0,"34":0,"35":0,"36":0,"37":0,"38":0,"39":1,"40":0,"41":0,"42":0,"43":0,"44":0,"45":0,"46":0,"47":0,"48":0,"49":0,"50":0,"51":1,"52":0,"53":0,"54":0,"55":0,"56":0,"57":0,"58":0,"59":0,"60":0,"61":0,"62":0,"63":0,"64":1,"65":0,"66":0,"67":0,"68":1,"69":1,"70":1,"71":1,"72":1,"73":1,"74":1,"75":1,"76":1,"77":1,"78":1,"79":1,"80":1,"81":1,"82":1,"83":1,"84":1,"85":1,"86":0,"87":0,"88":0,"89":0,"90":0,"91":1,"92":0,"93":0},"b":{"1":[0,1],"2":[1,1],"3":[0,1],"4":[1,1],"5":[0,0],"6":[0,0],"7":[0,0],"8":[0,0],"9":[0,1],"10":[0,0],"11":[0,1],"12":[0,0],"13":[0,1],"14":[0,0],"15":[0,0],"16":[0,1],"17":[0,0],"18":[0,0]},"f":{"1":0,"2":0,"3":0,"4":0,"5":1,"6":0,"7":0},"fnMap":{"1":{"name":"(anonymous_1)","line":28,"loc":{"start":{"line":28,"column":21},"end":{"line":28,"column":35}}},"2":{"name":"(anonymous_2)","line":47,"loc":{"start":{"line":47,"column":18},"end":{"line":47,"column":36}}},"3":{"name":"(anonymous_3)","line":66,"loc":{"start":{"line":66,"column":18},"end":{"line":66,"column":36}}},"4":{"name":"(anonymous_4)","line":86,"loc":{"start":{"line":86,"column":18},"end":{"line":86,"column":36}}},"5":{"name":"printHelp","line":115,"loc":{"start":{"line":115,"column":0},"end":{"line":115,"column":22}}},"6":{"name":"setMACAddress","line":133,"loc":{"start":{"line":133,"column":0},"end":{"line":133,"column":43}}},"7":{"name":"error","line":149,"loc":{"start":{"line":149,"column":0},"end":{"line":149,"column":21}}}},"statementMap":{"1":{"start":{"line":3,"column":0},"end":{"line":3,"column":28}},"2":{"start":{"line":4,"column":0},"end":{"line":4,"column":34}},"3":{"start":{"line":5,"column":0},"end":{"line":5,"column":26}},"4":{"start":{"line":7,"column":0},"end":{"line":7,"column":42}},"5":{"start":{"line":8,"column":0},"end":{"line":8,"column":19}},"6":{"start":{"line":10,"column":0},"end":{"line":13,"column":1}},"7":{"start":{"line":11,"column":2},"end":{"line":11,"column":49}},"8":{"start":{"line":12,"column":2},"end":{"line":12,"column":17}},"9":{"start":{"line":15,"column":0},"end":{"line":40,"column":1}},"10":{"start":{"line":16,"column":2},"end":{"line":16,"column":18}},"11":{"start":{"line":17,"column":2},"end":{"line":19,"column":3}},"12":{"start":{"line":18,"column":4},"end":{"line":18,"column":39}},"13":{"start":{"line":21,"column":2},"end":{"line":21,"column":16}},"14":{"start":{"line":22,"column":2},"end":{"line":26,"column":3}},"15":{"start":{"line":23,"column":4},"end":{"line":23,"column":46}},"16":{"start":{"line":25,"column":4},"end":{"line":25,"column":14}},"17":{"start":{"line":28,"column":2},"end":{"line":38,"column":4}},"18":{"start":{"line":29,"column":4},"end":{"line":29,"column":17}},"19":{"start":{"line":30,"column":4},"end":{"line":30,"column":87}},"20":{"start":{"line":31,"column":4},"end":{"line":33,"column":5}},"21":{"start":{"line":32,"column":6},"end":{"line":32,"column":64}},"22":{"start":{"line":34,"column":4},"end":{"line":36,"column":5}},"23":{"start":{"line":35,"column":6},"end":{"line":35,"column":70}},"24":{"start":{"line":37,"column":4},"end":{"line":37,"column":31}},"25":{"start":{"line":39,"column":2},"end":{"line":39,"column":17}},"26":{"start":{"line":42,"column":0},"end":{"line":42,"column":16}},"27":{"start":{"line":43,"column":0},"end":{"line":62,"column":1}},"28":{"start":{"line":44,"column":2},"end":{"line":44,"column":17}},"29":{"start":{"line":45,"column":2},"end":{"line":45,"column":27}},"30":{"start":{"line":47,"column":2},"end":{"line":60,"column":4}},"31":{"start":{"line":48,"column":4},"end":{"line":48,"column":10}},"32":{"start":{"line":49,"column":4},"end":{"line":53,"column":5}},"33":{"start":{"line":50,"column":6},"end":{"line":50,"column":38}},"34":{"start":{"line":52,"column":6},"end":{"line":52,"column":16}},"35":{"start":{"line":55,"column":4},"end":{"line":57,"column":5}},"36":{"start":{"line":56,"column":6},"end":{"line":56,"column":61}},"37":{"start":{"line":59,"column":4},"end":{"line":59,"column":42}},"38":{"start":{"line":61,"column":2},"end":{"line":61,"column":17}},"39":{"start":{"line":64,"column":0},"end":{"line":82,"column":1}},"40":{"start":{"line":65,"column":2},"end":{"line":65,"column":27}},"41":{"start":{"line":66,"column":2},"end":{"line":80,"column":4}},"42":{"start":{"line":67,"column":4},"end":{"line":67,"column":10}},"43":{"start":{"line":68,"column":4},"end":{"line":72,"column":5}},"44":{"start":{"line":69,"column":6},"end":{"line":69,"column":38}},"45":{"start":{"line":71,"column":6},"end":{"line":71,"column":16}},"46":{"start":{"line":74,"column":4},"end":{"line":76,"column":5}},"47":{"start":{"line":75,"column":6},"end":{"line":75,"column":61}},"48":{"start":{"line":78,"column":4},"end":{"line":78,"column":38}},"49":{"start":{"line":79,"column":4},"end":{"line":79,"column":42}},"50":{"start":{"line":81,"column":2},"end":{"line":81,"column":17}},"51":{"start":{"line":84,"column":0},"end":{"line":105,"column":1}},"52":{"start":{"line":85,"column":2},"end":{"line":85,"column":27}},"53":{"start":{"line":86,"column":2},"end":{"line":103,"column":4}},"54":{"start":{"line":87,"column":4},"end":{"line":87,"column":10}},"55":{"start":{"line":88,"column":4},"end":{"line":92,"column":5}},"56":{"start":{"line":89,"column":6},"end":{"line":89,"column":38}},"57":{"start":{"line":91,"column":6},"end":{"line":91,"column":16}},"58":{"start":{"line":94,"column":4},"end":{"line":96,"column":5}},"59":{"start":{"line":95,"column":6},"end":{"line":95,"column":61}},"60":{"start":{"line":98,"column":4},"end":{"line":100,"column":5}},"61":{"start":{"line":99,"column":6},"end":{"line":99,"column":75}},"62":{"start":{"line":102,"column":4},"end":{"line":102,"column":49}},"63":{"start":{"line":104,"column":2},"end":{"line":104,"column":17}},"64":{"start":{"line":107,"column":0},"end":{"line":111,"column":1}},"65":{"start":{"line":108,"column":2},"end":{"line":108,"column":17}},"66":{"start":{"line":109,"column":2},"end":{"line":109,"column":35}},"67":{"start":{"line":110,"column":2},"end":{"line":110,"column":17}},"68":{"start":{"line":113,"column":0},"end":{"line":113,"column":11}},"69":{"start":{"line":115,"column":0},"end":{"line":131,"column":1}},"70":{"start":{"line":116,"column":2},"end":{"line":116,"column":73}},"71":{"start":{"line":117,"column":2},"end":{"line":117,"column":17}},"72":{"start":{"line":118,"column":2},"end":{"line":118,"column":23}},"73":{"start":{"line":119,"column":2},"end":{"line":119,"column":82}},"74":{"start":{"line":120,"column":2},"end":{"line":120,"column":82}},"75":{"start":{"line":121,"column":2},"end":{"line":121,"column":91}},"76":{"start":{"line":122,"column":2},"end":{"line":122,"column":95}},"77":{"start":{"line":123,"column":2},"end":{"line":123,"column":93}},"78":{"start":{"line":124,"column":2},"end":{"line":124,"column":83}},"79":{"start":{"line":125,"column":2},"end":{"line":125,"column":80}},"80":{"start":{"line":126,"column":2},"end":{"line":126,"column":17}},"81":{"start":{"line":127,"column":2},"end":{"line":127,"column":25}},"82":{"start":{"line":128,"column":2},"end":{"line":128,"column":72}},"83":{"start":{"line":129,"column":2},"end":{"line":129,"column":88}},"84":{"start":{"line":130,"column":2},"end":{"line":130,"column":17}},"85":{"start":{"line":133,"column":0},"end":{"line":143,"column":1}},"86":{"start":{"line":134,"column":2},"end":{"line":136,"column":3}},"87":{"start":{"line":135,"column":4},"end":{"line":135,"column":83}},"88":{"start":{"line":138,"column":2},"end":{"line":142,"column":3}},"89":{"start":{"line":139,"column":4},"end":{"line":139,"column":44}},"90":{"start":{"line":141,"column":4},"end":{"line":141,"column":14}},"91":{"start":{"line":149,"column":0},"end":{"line":152,"column":1}},"92":{"start":{"line":150,"column":2},"end":{"line":150,"column":49}},"93":{"start":{"line":151,"column":2},"end":{"line":151,"column":18}}},"branchMap":{"1":{"line":10,"type":"if","locations":[{"start":{"line":10,"column":0},"end":{"line":10,"column":0}},{"start":{"line":10,"column":0},"end":{"line":10,"column":0}}]},"2":{"line":10,"type":"binary-expr","locations":[{"start":{"line":10,"column":4},"end":{"line":10,"column":10}},{"start":{"line":10,"column":14},"end":{"line":10,"column":26}}]},"3":{"line":15,"type":"if","locations":[{"start":{"line":15,"column":0},"end":{"line":15,"column":0}},{"start":{"line":15,"column":0},"end":{"line":15,"column":0}}]},"4":{"line":15,"type":"binary-expr","locations":[{"start":{"line":15,"column":4},"end":{"line":15,"column":18}},{"start":{"line":15,"column":22},"end":{"line":15,"column":34}}]},"5":{"line":17,"type":"if","locations":[{"start":{"line":17,"column":2},"end":{"line":17,"column":2}},{"start":{"line":17,"column":2},"end":{"line":17,"column":2}}]},"6":{"line":31,"type":"if","locations":[{"start":{"line":31,"column":4},"end":{"line":31,"column":4}},{"start":{"line":31,"column":4},"end":{"line":31,"column":4}}]},"7":{"line":34,"type":"if","locations":[{"start":{"line":34,"column":4},"end":{"line":34,"column":4}},{"start":{"line":34,"column":4},"end":{"line":34,"column":4}}]},"8":{"line":34,"type":"binary-expr","locations":[{"start":{"line":34,"column":8},"end":{"line":34,"column":25}},{"start":{"line":34,"column":29},"end":{"line":34,"column":61}}]},"9":{"line":43,"type":"if","locations":[{"start":{"line":43,"column":0},"end":{"line":43,"column":0}},{"start":{"line":43,"column":0},"end":{"line":43,"column":0}}]},"10":{"line":55,"type":"if","locations":[{"start":{"line":55,"column":4},"end":{"line":55,"column":4}},{"start":{"line":55,"column":4},"end":{"line":55,"column":4}}]},"11":{"line":64,"type":"if","locations":[{"start":{"line":64,"column":0},"end":{"line":64,"column":0}},{"start":{"line":64,"column":0},"end":{"line":64,"column":0}}]},"12":{"line":74,"type":"if","locations":[{"start":{"line":74,"column":4},"end":{"line":74,"column":4}},{"start":{"line":74,"column":4},"end":{"line":74,"column":4}}]},"13":{"line":84,"type":"if","locations":[{"start":{"line":84,"column":0},"end":{"line":84,"column":0}},{"start":{"line":84,"column":0},"end":{"line":84,"column":0}}]},"14":{"line":94,"type":"if","locations":[{"start":{"line":94,"column":4},"end":{"line":94,"column":4}},{"start":{"line":94,"column":4},"end":{"line":94,"column":4}}]},"15":{"line":98,"type":"if","locations":[{"start":{"line":98,"column":4},"end":{"line":98,"column":4}},{"start":{"line":98,"column":4},"end":{"line":98,"column":4}}]},"16":{"line":107,"type":"if","locations":[{"start":{"line":107,"column":0},"end":{"line":107,"column":0}},{"start":{"line":107,"column":0},"end":{"line":107,"column":0}}]},"17":{"line":134,"type":"if","locations":[{"start":{"line":134,"column":2},"end":{"line":134,"column":2}},{"start":{"line":134,"column":2},"end":{"line":134,"column":2}}]},"18":{"line":134,"type":"binary-expr","locations":[{"start":{"line":134,"column":6},"end":{"line":134,"column":34}},{"start":{"line":134,"column":38},"end":{"line":134,"column":60}}]}},"code":["//#!/usr/bin/env node","","var chalk = require('chalk')","var minimist = require('minimist')","var spoof = require('../')","","var argv = minimist(process.argv.slice(2))","var cmd = argv._[0]","","if (argv.v || argv.version) {","  console.log(require('../package.json').version)","  process.exit(0)","}","","if (cmd === 'list' || cmd === 'ls') {","  var targets = []","  if (argv.wifi) {","    targets = spoof.WIRELESS_PORT_NAMES","  }","","  var interfaces","  try {","    interfaces = spoof.findInterfaces(targets)","  } catch (err) {","    error(err)","  }","","  interfaces.forEach(function (it) {","    var line = []","    line.push('-', chalk.bold.green(it.port), 'on device', chalk.bold.green(it.device))","    if (it.address) {","      line.push('with MAC address', chalk.bold.cyan(it.address))","    }","    if (it.currentAddress && it.currentAddress !== it.address) {","      line.push('currently set to', chalk.bold.red(it.currentAddress))","    }","    console.log(line.join(' '))","  })","  process.exit(0)","}","","var devices, mac","if (cmd === 'set') {","  mac = argv._[1]","  devices = argv._.slice(2)","","  devices.forEach(function (device) {","    var it","    try {","      it = spoof.findInterface(device)","    } catch (err) {","      error(err)","    }","","    if (!it) {","      error(new Error('Could not find device for ' + device))","    }","","    setMACAddress(it.device, mac, it.port)","  })","  process.exit(0)","}","","if (cmd === 'randomize') {","  devices = argv._.slice(1)","  devices.forEach(function (device) {","    var it","    try {","      it = spoof.findInterface(device)","    } catch (err) {","      error(err)","    }","","    if (!it) {","      error(new Error('Could not find device for ' + device))","    }","","    var mac = spoof.random(argv.local)","    setMACAddress(it.device, mac, it.port)","  })","  process.exit(0)","}","","if (cmd === 'reset') {","  devices = argv._.slice(1)","  devices.forEach(function (device) {","    var it","    try {","      it = spoof.findInterface(device)","    } catch (err) {","      error(err)","    }","","    if (!it) {","      error(new Error('Could not find device for ' + device))","    }","","    if (!it.address) {","      error(new Error('Could not read hardware MAC address for ' + device))","    }","","    setMACAddress(it.device, it.address, it.port)","  })","  process.exit(9)","}","","if (cmd === 'normalize') {","  mac = argv._[1]","  console.log(spoof.normalize(mac))","  process.exit(0)","}","","printHelp()","","function printHelp () {","  console.log('SpoofMAC - Easily spoof your MAC address in OS X & Linux')","  console.log('')","  console.log('Usage:')","  console.log('  spoof list [--wifi]                     List available devices.')","  console.log('  spoof set <mac> <devices>...            Set device MAC address.')","  console.log('  spoof randomize [--local] <devices>...  Set device MAC address randomly.')","  console.log('  spoof reset <devices>...                Reset device MAC address to default.')","  console.log('  spoof normalize <mac>                   Given a MAC address, normalize it.')","  console.log('  spoof --help | -h                       Shows this help message.')","  console.log('  spoof --version | -v                    Show package version.')","  console.log('')","  console.log('Options:')","  console.log('  --wifi          Try to only show wireless interfaces.')","  console.log('  --local         Set the locally administered flag on randomized MACs.')","  console.log('')","}","","function setMACAddress (device, mac, port) {","  if (process.platform !== 'win32' && process.getuid() !== 0) {","    error(new Error('Must run as root (or using sudo) to change network settings'))","  }","","  try {","    spoof.setInterfaceMAC(device, mac, port)","  } catch (err) {","    error(err)","  }","}","","/**"," * Print error and terminate the program"," * @param  {Error} err"," */","function error (err) {","  console.error(chalk.red('Error:', err.message))","  process.exit(-1)","}",""],"l":{"3":1,"4":1,"5":1,"7":1,"8":1,"10":1,"11":0,"12":0,"15":1,"16":0,"17":0,"18":0,"21":0,"22":0,"23":0,"25":0,"28":0,"29":0,"30":0,"31":0,"32":0,"34":0,"35":0,"37":0,"39":0,"42":1,"43":1,"44":0,"45":0,"47":0,"48":0,"49":0,"50":0,"52":0,"55":0,"56":0,"59":0,"61":0,"64":1,"65":0,"66":0,"67":0,"68":0,"69":0,"71":0,"74":0,"75":0,"78":0,"79":0,"81":0,"84":1,"85":0,"86":0,"87":0,"88":0,"89":0,"91":0,"94":0,"95":0,"98":0,"99":0,"102":0,"104":0,"107":1,"108":0,"109":0,"110":0,"113":1,"115":1,"116":1,"117":1,"118":1,"119":1,"120":1,"121":1,"122":1,"123":1,"124":1,"125":1,"126":1,"127":1,"128":1,"129":1,"130":1,"133":1,"134":0,"135":0,"138":0,"139":0,"141":0,"149":1,"150":0,"151":0}}}